[ 2017-04-09T15:21:42+08:00 ] 127.0.0.1 127.0.0.1 GET /marchsoft/public/
[ log ] localhost:8080/marchsoft/public/ [运行时间：0.144763s][吞吐率：6.91req/s] [内存消耗：1,782.20kb] [文件加载：38]
[ info ] [ LANG ] /Applications/XAMPP/xamppfiles/htdocs/marchsoft/thinkphp/lang/zh-cn.php
[ info ] [ ROUTE ] array (
  'type' => 'module',
  'module' => 
  array (
    0 => '',
    1 => NULL,
    2 => NULL,
  ),
)
[ info ] [ HEADER ] array (
  'host' => 'localhost:8080',
  'connection' => 'keep-alive',
  'cache-control' => 'max-age=0',
  'upgrade-insecure-requests' => '1',
  'user-agent' => 'Mozilla/5.0 (Macintosh; Intel Mac OS X 10_12_3) AppleWebKit/537.36 (KHTML, like Gecko) Chrome/56.0.2924.87 Safari/537.36',
  'accept' => 'text/html,application/xhtml+xml,application/xml;q=0.9,image/webp,*/*;q=0.8',
  'accept-encoding' => 'gzip, deflate, sdch, br',
  'accept-language' => 'zh-CN,zh;q=0.8,en-US;q=0.6,en;q=0.4',
  'cookie' => 'Phpstorm-fd71129c=2af07b3d-744b-455c-867b-d5c08cb56f86',
)
[ info ] [ PARAM ] array (
)
[ info ] [ RUN ] app\index\controller\Index->index[ /Applications/XAMPP/xamppfiles/htdocs/marchsoft/application/index/controller/Index.php ]
[ info ] [ LOG ] INIT File

---------------------------------------------------------------
