[ 2017-04-28T17:11:24+08:00 ] ::1 ::1 GET /marchsoft/admin/banner/bannerInterface
[ log ] localhost/marchsoft/admin/banner/bannerInterface [运行时间：0.547712s][吞吐率：1.83req/s] [内存消耗：2,920.54kb] [文件加载：56]
[ info ] [ LANG ] D:\PHP\www\marchsoft\thinkphp\lang\zh-cn.php
[ info ] [ ROUTE ] array (
  'type' => 'module',
  'module' => 
  array (
    0 => 'admin',
    1 => 'banner',
    2 => 'bannerInterface',
  ),
)
[ info ] [ HEADER ] array (
  'host' => 'localhost',
  'connection' => 'keep-alive',
  'upgrade-insecure-requests' => '1',
  'user-agent' => 'Mozilla/5.0 (Windows NT 10.0; Win64; x64) AppleWebKit/537.36 (KHTML, like Gecko) Chrome/57.0.2987.110 Safari/537.36',
  'accept' => 'text/html,application/xhtml+xml,application/xml;q=0.9,image/webp,*/*;q=0.8',
  'accept-encoding' => 'gzip, deflate, sdch, br',
  'accept-language' => 'zh-CN,zh;q=0.8,en;q=0.6',
  'cookie' => 'thinkphp_show_page_trace=0|0; pgv_pvi=1835683840; PHPSESSID=1370fns46u4a2uk7c9hfpu3uqu; pgv_si=s4256506880; BJYADMIN=laj2ql36hl6lslgnmtnsh4biln',
)
[ info ] [ PARAM ] array (
)
[ info ] [ RUN ] app\admin\controller\Banner->bannerInterface[ D:\PHP\www\marchsoft\application\admin\controller\Banner.php ]
[ info ] [ DB ] INIT mysql
[ info ] [ LOG ] INIT File
[ sql ] [ DB ] CONNECT:[ UseTime:0.331427s ] mysql:dbname=marchsoft;host=feiyueweb.cn;port=3306;charset=utf8
[ sql ] [ SQL ] SHOW COLUMNS FROM `march_banner` [ RunTime:0.044138s ]
[ sql ] [ SQL ] SELECT `march_banner`.`img_link`,`march_imgs`.`url` FROM `march_banner` INNER JOIN `march_imgs` `march_imgs` ON `march_imgs`.`img_id`=`march_banner`.`img_id` WHERE  `march_banner`.`status` = 1 ORDER BY march_banner.is_top desc [ RunTime:0.043352s ]

---------------------------------------------------------------
[ 2017-04-28T17:11:25+08:00 ] ::1 ::1 GET /marchsoft/home/index/index
[ log ] localhost/marchsoft/home/index/index [运行时间：0.048222s][吞吐率：20.74req/s] [内存消耗：2,074.59kb] [文件加载：53]
[ info ] [ LANG ] D:\PHP\www\marchsoft\thinkphp\lang\zh-cn.php
[ info ] [ ROUTE ] array (
  'type' => 'module',
  'module' => 
  array (
    0 => 'home',
    1 => 'index',
    2 => 'index',
  ),
)
[ info ] [ HEADER ] array (
  'host' => 'localhost',
  'connection' => 'keep-alive',
  'upgrade-insecure-requests' => '1',
  'user-agent' => 'Mozilla/5.0 (Windows NT 10.0; Win64; x64) AppleWebKit/537.36 (KHTML, like Gecko) Chrome/57.0.2987.110 Safari/537.36',
  'accept' => 'text/html,application/xhtml+xml,application/xml;q=0.9,image/webp,*/*;q=0.8',
  'referer' => 'http://localhost/marchsoft/home/index/index',
  'accept-encoding' => 'gzip, deflate, sdch, br',
  'accept-language' => 'zh-CN,zh;q=0.8,en;q=0.6',
  'cookie' => 'thinkphp_show_page_trace=0|1; thinkphp_show_page_trace=0|0; pgv_pvi=1835683840; PHPSESSID=1370fns46u4a2uk7c9hfpu3uqu; pgv_si=s4256506880; BJYADMIN=laj2ql36hl6lslgnmtnsh4biln',
)
[ info ] [ PARAM ] array (
)
[ info ] [ RUN ] app\home\controller\Index->index[ D:\PHP\www\marchsoft\application\home\controller\Index.php ]
[ info ] [ VIEW ] D:\PHP\www\marchsoft/application/home\view\index\index.html [ array (
) ]
[ info ] [ LOG ] INIT File

---------------------------------------------------------------
[ 2017-04-28T17:11:26+08:00 ] ::1 ::1 GET /marchsoft/admin/news/getNewsList
[ log ] localhost/marchsoft/admin/news/getNewsList [运行时间：0.039511s][吞吐率：25.31req/s] [内存消耗：1,582.15kb] [文件加载：41]
[ info ] [ LANG ] D:\PHP\www\marchsoft\thinkphp\lang\zh-cn.php
[ info ] [ ROUTE ] array (
  'type' => 'module',
  'module' => 
  array (
    0 => 'admin',
    1 => 'news',
    2 => 'getNewsList',
  ),
)
[ info ] [ HEADER ] array (
  'host' => 'localhost',
  'connection' => 'keep-alive',
  'upgrade-insecure-requests' => '1',
  'user-agent' => 'Mozilla/5.0 (Windows NT 10.0; Win64; x64) AppleWebKit/537.36 (KHTML, like Gecko) Chrome/57.0.2987.110 Safari/537.36',
  'accept' => 'text/html,application/xhtml+xml,application/xml;q=0.9,image/webp,*/*;q=0.8',
  'accept-encoding' => 'gzip, deflate, sdch, br',
  'accept-language' => 'zh-CN,zh;q=0.8,en;q=0.6',
  'cookie' => 'thinkphp_show_page_trace=0|0; pgv_pvi=1835683840; PHPSESSID=1370fns46u4a2uk7c9hfpu3uqu; pgv_si=s4256506880; BJYADMIN=laj2ql36hl6lslgnmtnsh4biln',
)
[ info ] [ PARAM ] array (
)
[ info ] [ RUN ] app\admin\controller\News->getNewsList[ D:\PHP\www\marchsoft\application\admin\controller\News.php ]
[ info ] [ LOG ] INIT File

---------------------------------------------------------------
[ 2017-04-28T20:28:04+08:00 ] ::1 ::1 GET /marchsoft/admin/news/getNewsList
[ log ] localhost/marchsoft/admin/news/getNewsList [运行时间：0.080277s][吞吐率：12.46req/s] [内存消耗：1,582.84kb] [文件加载：41]
[ info ] [ LANG ] D:\PHP\www\marchsoft\thinkphp\lang\zh-cn.php
[ info ] [ ROUTE ] array (
  'type' => 'module',
  'module' => 
  array (
    0 => 'admin',
    1 => 'news',
    2 => 'getNewsList',
  ),
)
[ info ] [ HEADER ] array (
  'host' => 'localhost',
  'connection' => 'keep-alive',
  'cache-control' => 'max-age=0',
  'upgrade-insecure-requests' => '1',
  'user-agent' => 'Mozilla/5.0 (Windows NT 10.0; Win64; x64) AppleWebKit/537.36 (KHTML, like Gecko) Chrome/57.0.2987.110 Safari/537.36',
  'accept' => 'text/html,application/xhtml+xml,application/xml;q=0.9,image/webp,*/*;q=0.8',
  'accept-encoding' => 'gzip, deflate, sdch, br',
  'accept-language' => 'zh-CN,zh;q=0.8,en;q=0.6',
  'cookie' => 'thinkphp_show_page_trace=0|0; pgv_pvi=1835683840; PHPSESSID=1370fns46u4a2uk7c9hfpu3uqu; pgv_si=s4256506880; BJYADMIN=laj2ql36hl6lslgnmtnsh4biln',
)
[ info ] [ PARAM ] array (
)
[ info ] [ RUN ] app\admin\controller\News->getNewsList[ D:\PHP\www\marchsoft\application\admin\controller\News.php ]
[ info ] [ LOG ] INIT File

---------------------------------------------------------------
[ 2017-04-28T20:28:33+08:00 ] ::1 ::1 GET /marchsoft/admin/news/getNewsList
[ log ] localhost/marchsoft/admin/news/getNewsList [运行时间：0.033908s][吞吐率：29.49req/s] [内存消耗：1,582.84kb] [文件加载：41]
[ info ] [ LANG ] D:\PHP\www\marchsoft\thinkphp\lang\zh-cn.php
[ info ] [ ROUTE ] array (
  'type' => 'module',
  'module' => 
  array (
    0 => 'admin',
    1 => 'news',
    2 => 'getNewsList',
  ),
)
[ info ] [ HEADER ] array (
  'host' => 'localhost',
  'connection' => 'keep-alive',
  'cache-control' => 'max-age=0',
  'upgrade-insecure-requests' => '1',
  'user-agent' => 'Mozilla/5.0 (Windows NT 10.0; Win64; x64) AppleWebKit/537.36 (KHTML, like Gecko) Chrome/57.0.2987.110 Safari/537.36',
  'accept' => 'text/html,application/xhtml+xml,application/xml;q=0.9,image/webp,*/*;q=0.8',
  'accept-encoding' => 'gzip, deflate, sdch, br',
  'accept-language' => 'zh-CN,zh;q=0.8,en;q=0.6',
  'cookie' => 'thinkphp_show_page_trace=0|0; pgv_pvi=1835683840; PHPSESSID=1370fns46u4a2uk7c9hfpu3uqu; pgv_si=s4256506880; BJYADMIN=laj2ql36hl6lslgnmtnsh4biln',
)
[ info ] [ PARAM ] array (
)
[ info ] [ RUN ] app\admin\controller\News->getNewsList[ D:\PHP\www\marchsoft\application\admin\controller\News.php ]
[ info ] [ LOG ] INIT File

---------------------------------------------------------------
[ 2017-04-28T20:28:51+08:00 ] ::1 ::1 GET /marchsoft/home/index/index
[ log ] localhost/marchsoft/home/index/index [运行时间：0.066262s][吞吐率：15.09req/s] [内存消耗：1,897.16kb] [文件加载：51]
[ info ] [ LANG ] D:\PHP\www\marchsoft\thinkphp\lang\zh-cn.php
[ info ] [ ROUTE ] array (
  'type' => 'module',
  'module' => 
  array (
    0 => 'home',
    1 => 'index',
    2 => 'index',
  ),
)
[ info ] [ HEADER ] array (
  'host' => 'localhost',
  'connection' => 'keep-alive',
  'user-agent' => 'Mozilla/5.0 (Windows NT 10.0; Win64; x64) AppleWebKit/537.36 (KHTML, like Gecko) Chrome/57.0.2987.110 Safari/537.36',
  'accept' => '*/*',
  'referer' => 'http://localhost/marchsoft/home/index/index',
  'accept-encoding' => 'gzip, deflate, sdch, br',
  'accept-language' => 'zh-CN,zh;q=0.8,en;q=0.6',
  'cookie' => 'thinkphp_show_page_trace=0|1; thinkphp_show_page_trace=0|0; pgv_pvi=1835683840; PHPSESSID=1370fns46u4a2uk7c9hfpu3uqu; pgv_si=s4256506880; BJYADMIN=laj2ql36hl6lslgnmtnsh4biln',
)
[ info ] [ PARAM ] array (
)
[ info ] [ RUN ] app\home\controller\Index->index[ D:\PHP\www\marchsoft\application\home\controller\Index.php ]
[ info ] [ VIEW ] D:\PHP\www\marchsoft/application/home\view\index\index.html [ array (
) ]
[ info ] [ LOG ] INIT File

---------------------------------------------------------------
[ 2017-04-28T20:31:37+08:00 ] ::1 ::1 GET /marchsoft/home/index/index
[ log ] localhost/marchsoft/home/index/index [运行时间：0.055174s][吞吐率：18.12req/s] [内存消耗：1,898.09kb] [文件加载：51]
[ info ] [ LANG ] D:\PHP\www\marchsoft\thinkphp\lang\zh-cn.php
[ info ] [ ROUTE ] array (
  'type' => 'module',
  'module' => 
  array (
    0 => 'home',
    1 => 'index',
    2 => 'index',
  ),
)
[ info ] [ HEADER ] array (
  'host' => 'localhost',
  'connection' => 'keep-alive',
  'upgrade-insecure-requests' => '1',
  'user-agent' => 'Mozilla/5.0 (iPad; CPU OS 9_1 like Mac OS X) AppleWebKit/601.1.46 (KHTML, like Gecko) Version/9.0 Mobile/13B143 Safari/601.1',
  'accept' => 'text/html,application/xhtml+xml,application/xml;q=0.9,image/webp,*/*;q=0.8',
  'referer' => 'http://localhost/marchsoft/home/index/index',
  'accept-encoding' => 'gzip, deflate, sdch, br',
  'accept-language' => 'zh-CN,zh;q=0.8,en;q=0.6',
  'cookie' => 'thinkphp_show_page_trace=0|1; thinkphp_show_page_trace=0|0; pgv_pvi=1835683840; PHPSESSID=1370fns46u4a2uk7c9hfpu3uqu; pgv_si=s4256506880; BJYADMIN=laj2ql36hl6lslgnmtnsh4biln',
)
[ info ] [ PARAM ] array (
)
[ info ] [ RUN ] app\home\controller\Index->index[ D:\PHP\www\marchsoft\application\home\controller\Index.php ]
[ info ] [ VIEW ] D:\PHP\www\marchsoft/application/home\view\index\index.html [ array (
) ]
[ info ] [ LOG ] INIT File

---------------------------------------------------------------
[ 2017-04-28T20:31:41+08:00 ] ::1 ::1 GET /marchsoft/home/index/index
[ log ] localhost/marchsoft/home/index/index [运行时间：0.035562s][吞吐率：28.12req/s] [内存消耗：1,898.34kb] [文件加载：51]
[ info ] [ LANG ] D:\PHP\www\marchsoft\thinkphp\lang\zh-cn.php
[ info ] [ ROUTE ] array (
  'type' => 'module',
  'module' => 
  array (
    0 => 'home',
    1 => 'index',
    2 => 'index',
  ),
)
[ info ] [ HEADER ] array (
  'host' => 'localhost',
  'connection' => 'keep-alive',
  'cache-control' => 'max-age=0',
  'upgrade-insecure-requests' => '1',
  'user-agent' => 'Mozilla/5.0 (iPad; CPU OS 9_1 like Mac OS X) AppleWebKit/601.1.46 (KHTML, like Gecko) Version/9.0 Mobile/13B143 Safari/601.1',
  'accept' => 'text/html,application/xhtml+xml,application/xml;q=0.9,image/webp,*/*;q=0.8',
  'referer' => 'http://localhost/marchsoft/home/index/index',
  'accept-encoding' => 'gzip, deflate, sdch, br',
  'accept-language' => 'zh-CN,zh;q=0.8,en;q=0.6',
  'cookie' => 'thinkphp_show_page_trace=0|1; thinkphp_show_page_trace=0|0; pgv_pvi=1835683840; PHPSESSID=1370fns46u4a2uk7c9hfpu3uqu; pgv_si=s4256506880; BJYADMIN=laj2ql36hl6lslgnmtnsh4biln',
)
[ info ] [ PARAM ] array (
)
[ info ] [ RUN ] app\home\controller\Index->index[ D:\PHP\www\marchsoft\application\home\controller\Index.php ]
[ info ] [ VIEW ] D:\PHP\www\marchsoft/application/home\view\index\index.html [ array (
) ]
[ info ] [ LOG ] INIT File

---------------------------------------------------------------
[ 2017-04-28T20:33:33+08:00 ] ::1 ::1 GET /marchsoft/home/index/index
[ log ] localhost/marchsoft/home/index/index [运行时间：0.064811s][吞吐率：15.43req/s] [内存消耗：2,074.84kb] [文件加载：53]
[ info ] [ LANG ] D:\PHP\www\marchsoft\thinkphp\lang\zh-cn.php
[ info ] [ ROUTE ] array (
  'type' => 'module',
  'module' => 
  array (
    0 => 'home',
    1 => 'index',
    2 => 'index',
  ),
)
[ info ] [ HEADER ] array (
  'host' => 'localhost',
  'connection' => 'keep-alive',
  'cache-control' => 'max-age=0',
  'upgrade-insecure-requests' => '1',
  'user-agent' => 'Mozilla/5.0 (iPad; CPU OS 9_1 like Mac OS X) AppleWebKit/601.1.46 (KHTML, like Gecko) Version/9.0 Mobile/13B143 Safari/601.1',
  'accept' => 'text/html,application/xhtml+xml,application/xml;q=0.9,image/webp,*/*;q=0.8',
  'referer' => 'http://localhost/marchsoft/home/index/index',
  'accept-encoding' => 'gzip, deflate, sdch, br',
  'accept-language' => 'zh-CN,zh;q=0.8,en;q=0.6',
  'cookie' => 'thinkphp_show_page_trace=0|1; thinkphp_show_page_trace=0|0; pgv_pvi=1835683840; PHPSESSID=1370fns46u4a2uk7c9hfpu3uqu; pgv_si=s4256506880; BJYADMIN=laj2ql36hl6lslgnmtnsh4biln',
)
[ info ] [ PARAM ] array (
)
[ info ] [ RUN ] app\home\controller\Index->index[ D:\PHP\www\marchsoft\application\home\controller\Index.php ]
[ info ] [ VIEW ] D:\PHP\www\marchsoft/application/home\view\index\index.html [ array (
) ]
[ info ] [ LOG ] INIT File

---------------------------------------------------------------
[ 2017-04-28T20:33:35+08:00 ] ::1 ::1 GET /marchsoft/home/index/%7B:url('home/news/news')%7D
[ log ] localhost/marchsoft/home/index/%7B:url('home/news/news')%7D [运行时间：0.050454s][吞吐率：19.82req/s] [内存消耗：1,668.25kb] [文件加载：48]
[ info ] [ LANG ] D:\PHP\www\marchsoft\thinkphp\lang\zh-cn.php
[ info ] [ ROUTE ] array (
  'type' => 'module',
  'module' => 
  array (
    0 => 'home',
    1 => 'index',
    2 => '{:url(\'home',
  ),
)
[ info ] [ HEADER ] array (
  'host' => 'localhost',
  'connection' => 'keep-alive',
  'upgrade-insecure-requests' => '1',
  'user-agent' => 'Mozilla/5.0 (iPad; CPU OS 9_1 like Mac OS X) AppleWebKit/601.1.46 (KHTML, like Gecko) Version/9.0 Mobile/13B143 Safari/601.1',
  'accept' => 'text/html,application/xhtml+xml,application/xml;q=0.9,image/webp,*/*;q=0.8',
  'referer' => 'http://localhost/marchsoft/home/index/index',
  'accept-encoding' => 'gzip, deflate, sdch, br',
  'accept-language' => 'zh-CN,zh;q=0.8,en;q=0.6',
  'cookie' => 'thinkphp_show_page_trace=0|1; thinkphp_show_page_trace=0|0; pgv_pvi=1835683840; PHPSESSID=1370fns46u4a2uk7c9hfpu3uqu; pgv_si=s4256506880; BJYADMIN=laj2ql36hl6lslgnmtnsh4biln',
)
[ info ] [ PARAM ] array (
  'news' => 'news\')}',
)
[ info ] [ LOG ] INIT File

---------------------------------------------------------------
[ 2017-04-28T20:34:02+08:00 ] ::1 ::1 GET /marchsoft/home/index/%7B:url('home/news/news')%7D
[ log ] localhost/marchsoft/home/index/%7B:url('home/news/news')%7D [运行时间：0.057023s][吞吐率：17.54req/s] [内存消耗：1,668.72kb] [文件加载：48]
[ info ] [ LANG ] D:\PHP\www\marchsoft\thinkphp\lang\zh-cn.php
[ info ] [ ROUTE ] array (
  'type' => 'module',
  'module' => 
  array (
    0 => 'home',
    1 => 'index',
    2 => '{:url(\'home',
  ),
)
[ info ] [ HEADER ] array (
  'host' => 'localhost',
  'connection' => 'keep-alive',
  'cache-control' => 'max-age=0',
  'upgrade-insecure-requests' => '1',
  'user-agent' => 'Mozilla/5.0 (iPad; CPU OS 9_1 like Mac OS X) AppleWebKit/601.1.46 (KHTML, like Gecko) Version/9.0 Mobile/13B143 Safari/601.1',
  'accept' => 'text/html,application/xhtml+xml,application/xml;q=0.9,image/webp,*/*;q=0.8',
  'referer' => 'http://localhost/marchsoft/home/index/index',
  'accept-encoding' => 'gzip, deflate, sdch, br',
  'accept-language' => 'zh-CN,zh;q=0.8,en;q=0.6',
  'cookie' => 'thinkphp_show_page_trace=0|1; thinkphp_show_page_trace=0|1; thinkphp_show_page_trace=0|0; pgv_pvi=1835683840; PHPSESSID=1370fns46u4a2uk7c9hfpu3uqu; pgv_si=s4256506880; BJYADMIN=laj2ql36hl6lslgnmtnsh4biln',
)
[ info ] [ PARAM ] array (
  'news' => 'news\')}',
)
[ info ] [ LOG ] INIT File

---------------------------------------------------------------
[ 2017-04-28T20:34:05+08:00 ] ::1 ::1 GET /marchsoft/home/index/index
[ log ] localhost/marchsoft/home/index/index [运行时间：0.054050s][吞吐率：18.50req/s] [内存消耗：2,074.84kb] [文件加载：53]
[ info ] [ LANG ] D:\PHP\www\marchsoft\thinkphp\lang\zh-cn.php
[ info ] [ ROUTE ] array (
  'type' => 'module',
  'module' => 
  array (
    0 => 'home',
    1 => 'index',
    2 => 'index',
  ),
)
[ info ] [ HEADER ] array (
  'host' => 'localhost',
  'connection' => 'keep-alive',
  'cache-control' => 'max-age=0',
  'upgrade-insecure-requests' => '1',
  'user-agent' => 'Mozilla/5.0 (iPad; CPU OS 9_1 like Mac OS X) AppleWebKit/601.1.46 (KHTML, like Gecko) Version/9.0 Mobile/13B143 Safari/601.1',
  'accept' => 'text/html,application/xhtml+xml,application/xml;q=0.9,image/webp,*/*;q=0.8',
  'referer' => 'http://localhost/marchsoft/home/index/index',
  'accept-encoding' => 'gzip, deflate, sdch, br',
  'accept-language' => 'zh-CN,zh;q=0.8,en;q=0.6',
  'cookie' => 'thinkphp_show_page_trace=0|1; thinkphp_show_page_trace=0|0; pgv_pvi=1835683840; PHPSESSID=1370fns46u4a2uk7c9hfpu3uqu; pgv_si=s4256506880; BJYADMIN=laj2ql36hl6lslgnmtnsh4biln',
)
[ info ] [ PARAM ] array (
)
[ info ] [ RUN ] app\home\controller\Index->index[ D:\PHP\www\marchsoft\application\home\controller\Index.php ]
[ info ] [ VIEW ] D:\PHP\www\marchsoft/application/home\view\index\index.html [ array (
) ]
[ info ] [ LOG ] INIT File

---------------------------------------------------------------
[ 2017-04-28T20:34:06+08:00 ] ::1 ::1 GET /marchsoft/home/index/home/news/news
[ log ] localhost/marchsoft/home/index/home/news/news [运行时间：0.040791s][吞吐率：24.52req/s] [内存消耗：1,668.05kb] [文件加载：48]
[ info ] [ LANG ] D:\PHP\www\marchsoft\thinkphp\lang\zh-cn.php
[ info ] [ ROUTE ] array (
  'type' => 'module',
  'module' => 
  array (
    0 => 'home',
    1 => 'index',
    2 => 'home',
  ),
)
[ info ] [ HEADER ] array (
  'host' => 'localhost',
  'connection' => 'keep-alive',
  'upgrade-insecure-requests' => '1',
  'user-agent' => 'Mozilla/5.0 (iPad; CPU OS 9_1 like Mac OS X) AppleWebKit/601.1.46 (KHTML, like Gecko) Version/9.0 Mobile/13B143 Safari/601.1',
  'accept' => 'text/html,application/xhtml+xml,application/xml;q=0.9,image/webp,*/*;q=0.8',
  'referer' => 'http://localhost/marchsoft/home/index/index',
  'accept-encoding' => 'gzip, deflate, sdch, br',
  'accept-language' => 'zh-CN,zh;q=0.8,en;q=0.6',
  'cookie' => 'thinkphp_show_page_trace=0|1; thinkphp_show_page_trace=0|0; pgv_pvi=1835683840; PHPSESSID=1370fns46u4a2uk7c9hfpu3uqu; pgv_si=s4256506880; BJYADMIN=laj2ql36hl6lslgnmtnsh4biln',
)
[ info ] [ PARAM ] array (
  'news' => 'news',
)
[ info ] [ LOG ] INIT File

---------------------------------------------------------------
[ 2017-04-28T20:34:17+08:00 ] ::1 ::1 GET /marchsoft/home/index/home/news/news
[ log ] localhost/marchsoft/home/index/home/news/news [运行时间：0.050656s][吞吐率：19.74req/s] [内存消耗：1,668.52kb] [文件加载：48]
[ info ] [ LANG ] D:\PHP\www\marchsoft\thinkphp\lang\zh-cn.php
[ info ] [ ROUTE ] array (
  'type' => 'module',
  'module' => 
  array (
    0 => 'home',
    1 => 'index',
    2 => 'home',
  ),
)
[ info ] [ HEADER ] array (
  'host' => 'localhost',
  'connection' => 'keep-alive',
  'cache-control' => 'max-age=0',
  'upgrade-insecure-requests' => '1',
  'user-agent' => 'Mozilla/5.0 (iPad; CPU OS 9_1 like Mac OS X) AppleWebKit/601.1.46 (KHTML, like Gecko) Version/9.0 Mobile/13B143 Safari/601.1',
  'accept' => 'text/html,application/xhtml+xml,application/xml;q=0.9,image/webp,*/*;q=0.8',
  'referer' => 'http://localhost/marchsoft/home/index/index',
  'accept-encoding' => 'gzip, deflate, sdch, br',
  'accept-language' => 'zh-CN,zh;q=0.8,en;q=0.6',
  'cookie' => 'thinkphp_show_page_trace=0|1; thinkphp_show_page_trace=0|1; thinkphp_show_page_trace=0|0; pgv_pvi=1835683840; PHPSESSID=1370fns46u4a2uk7c9hfpu3uqu; pgv_si=s4256506880; BJYADMIN=laj2ql36hl6lslgnmtnsh4biln',
)
[ info ] [ PARAM ] array (
  'news' => 'news',
)
[ info ] [ LOG ] INIT File

---------------------------------------------------------------
[ 2017-04-28T20:34:20+08:00 ] ::1 ::1 GET /marchsoft/home/index/index
[ log ] localhost/marchsoft/home/index/index [运行时间：0.052904s][吞吐率：18.90req/s] [内存消耗：2,074.84kb] [文件加载：53]
[ info ] [ LANG ] D:\PHP\www\marchsoft\thinkphp\lang\zh-cn.php
[ info ] [ ROUTE ] array (
  'type' => 'module',
  'module' => 
  array (
    0 => 'home',
    1 => 'index',
    2 => 'index',
  ),
)
[ info ] [ HEADER ] array (
  'host' => 'localhost',
  'connection' => 'keep-alive',
  'cache-control' => 'max-age=0',
  'upgrade-insecure-requests' => '1',
  'user-agent' => 'Mozilla/5.0 (iPad; CPU OS 9_1 like Mac OS X) AppleWebKit/601.1.46 (KHTML, like Gecko) Version/9.0 Mobile/13B143 Safari/601.1',
  'accept' => 'text/html,application/xhtml+xml,application/xml;q=0.9,image/webp,*/*;q=0.8',
  'referer' => 'http://localhost/marchsoft/home/index/index',
  'accept-encoding' => 'gzip, deflate, sdch, br',
  'accept-language' => 'zh-CN,zh;q=0.8,en;q=0.6',
  'cookie' => 'thinkphp_show_page_trace=0|1; thinkphp_show_page_trace=0|0; pgv_pvi=1835683840; PHPSESSID=1370fns46u4a2uk7c9hfpu3uqu; pgv_si=s4256506880; BJYADMIN=laj2ql36hl6lslgnmtnsh4biln',
)
[ info ] [ PARAM ] array (
)
[ info ] [ RUN ] app\home\controller\Index->index[ D:\PHP\www\marchsoft\application\home\controller\Index.php ]
[ info ] [ VIEW ] D:\PHP\www\marchsoft/application/home\view\index\index.html [ array (
) ]
[ info ] [ LOG ] INIT File

---------------------------------------------------------------
[ 2017-04-28T20:34:22+08:00 ] ::1 ::1 GET /marchsoft/home/index/news/news
[ log ] localhost/marchsoft/home/index/news/news [运行时间：0.047448s][吞吐率：21.08req/s] [内存消耗：1,667.28kb] [文件加载：48]
[ info ] [ LANG ] D:\PHP\www\marchsoft\thinkphp\lang\zh-cn.php
[ info ] [ ROUTE ] array (
  'type' => 'module',
  'module' => 
  array (
    0 => 'home',
    1 => 'index',
    2 => 'news',
  ),
)
[ info ] [ HEADER ] array (
  'host' => 'localhost',
  'connection' => 'keep-alive',
  'upgrade-insecure-requests' => '1',
  'user-agent' => 'Mozilla/5.0 (iPad; CPU OS 9_1 like Mac OS X) AppleWebKit/601.1.46 (KHTML, like Gecko) Version/9.0 Mobile/13B143 Safari/601.1',
  'accept' => 'text/html,application/xhtml+xml,application/xml;q=0.9,image/webp,*/*;q=0.8',
  'referer' => 'http://localhost/marchsoft/home/index/index',
  'accept-encoding' => 'gzip, deflate, sdch, br',
  'accept-language' => 'zh-CN,zh;q=0.8,en;q=0.6',
  'cookie' => 'thinkphp_show_page_trace=0|1; thinkphp_show_page_trace=0|0; pgv_pvi=1835683840; PHPSESSID=1370fns46u4a2uk7c9hfpu3uqu; pgv_si=s4256506880; BJYADMIN=laj2ql36hl6lslgnmtnsh4biln',
)
[ info ] [ PARAM ] array (
)
[ info ] [ LOG ] INIT File

---------------------------------------------------------------
[ 2017-04-28T20:34:30+08:00 ] ::1 ::1 GET /marchsoft/home/index/news/news
[ log ] localhost/marchsoft/home/index/news/news [运行时间：0.063395s][吞吐率：15.77req/s] [内存消耗：1,667.75kb] [文件加载：48]
[ info ] [ LANG ] D:\PHP\www\marchsoft\thinkphp\lang\zh-cn.php
[ info ] [ ROUTE ] array (
  'type' => 'module',
  'module' => 
  array (
    0 => 'home',
    1 => 'index',
    2 => 'news',
  ),
)
[ info ] [ HEADER ] array (
  'host' => 'localhost',
  'connection' => 'keep-alive',
  'cache-control' => 'max-age=0',
  'upgrade-insecure-requests' => '1',
  'user-agent' => 'Mozilla/5.0 (iPad; CPU OS 9_1 like Mac OS X) AppleWebKit/601.1.46 (KHTML, like Gecko) Version/9.0 Mobile/13B143 Safari/601.1',
  'accept' => 'text/html,application/xhtml+xml,application/xml;q=0.9,image/webp,*/*;q=0.8',
  'referer' => 'http://localhost/marchsoft/home/index/index',
  'accept-encoding' => 'gzip, deflate, sdch, br',
  'accept-language' => 'zh-CN,zh;q=0.8,en;q=0.6',
  'cookie' => 'thinkphp_show_page_trace=0|1; thinkphp_show_page_trace=0|1; thinkphp_show_page_trace=0|0; pgv_pvi=1835683840; PHPSESSID=1370fns46u4a2uk7c9hfpu3uqu; pgv_si=s4256506880; BJYADMIN=laj2ql36hl6lslgnmtnsh4biln',
)
[ info ] [ PARAM ] array (
)
[ info ] [ LOG ] INIT File

---------------------------------------------------------------
[ 2017-04-28T20:34:33+08:00 ] ::1 ::1 GET /marchsoft/home/index/index
[ log ] localhost/marchsoft/home/index/index [运行时间：0.053732s][吞吐率：18.61req/s] [内存消耗：2,074.84kb] [文件加载：53]
[ info ] [ LANG ] D:\PHP\www\marchsoft\thinkphp\lang\zh-cn.php
[ info ] [ ROUTE ] array (
  'type' => 'module',
  'module' => 
  array (
    0 => 'home',
    1 => 'index',
    2 => 'index',
  ),
)
[ info ] [ HEADER ] array (
  'host' => 'localhost',
  'connection' => 'keep-alive',
  'cache-control' => 'max-age=0',
  'upgrade-insecure-requests' => '1',
  'user-agent' => 'Mozilla/5.0 (iPad; CPU OS 9_1 like Mac OS X) AppleWebKit/601.1.46 (KHTML, like Gecko) Version/9.0 Mobile/13B143 Safari/601.1',
  'accept' => 'text/html,application/xhtml+xml,application/xml;q=0.9,image/webp,*/*;q=0.8',
  'referer' => 'http://localhost/marchsoft/home/index/index',
  'accept-encoding' => 'gzip, deflate, sdch, br',
  'accept-language' => 'zh-CN,zh;q=0.8,en;q=0.6',
  'cookie' => 'thinkphp_show_page_trace=0|1; thinkphp_show_page_trace=0|0; pgv_pvi=1835683840; PHPSESSID=1370fns46u4a2uk7c9hfpu3uqu; pgv_si=s4256506880; BJYADMIN=laj2ql36hl6lslgnmtnsh4biln',
)
[ info ] [ PARAM ] array (
)
[ info ] [ RUN ] app\home\controller\Index->index[ D:\PHP\www\marchsoft\application\home\controller\Index.php ]
[ info ] [ VIEW ] D:\PHP\www\marchsoft/application/home\view\index\index.html [ array (
) ]
[ info ] [ LOG ] INIT File

---------------------------------------------------------------
[ 2017-04-28T20:34:35+08:00 ] ::1 ::1 GET /marchsoft/home/news/news
[ log ] localhost/marchsoft/home/news/news [运行时间：0.432746s][吞吐率：2.31req/s] [内存消耗：2,912.88kb] [文件加载：61]
[ info ] [ LANG ] D:\PHP\www\marchsoft\thinkphp\lang\zh-cn.php
[ info ] [ ROUTE ] array (
  'type' => 'module',
  'module' => 
  array (
    0 => 'home',
    1 => 'news',
    2 => 'news',
  ),
)
[ info ] [ HEADER ] array (
  'host' => 'localhost',
  'connection' => 'keep-alive',
  'upgrade-insecure-requests' => '1',
  'user-agent' => 'Mozilla/5.0 (iPad; CPU OS 9_1 like Mac OS X) AppleWebKit/601.1.46 (KHTML, like Gecko) Version/9.0 Mobile/13B143 Safari/601.1',
  'accept' => 'text/html,application/xhtml+xml,application/xml;q=0.9,image/webp,*/*;q=0.8',
  'referer' => 'http://localhost/marchsoft/home/index/index',
  'accept-encoding' => 'gzip, deflate, sdch, br',
  'accept-language' => 'zh-CN,zh;q=0.8,en;q=0.6',
  'cookie' => 'thinkphp_show_page_trace=0|0; thinkphp_show_page_trace=0|0; pgv_pvi=1835683840; PHPSESSID=1370fns46u4a2uk7c9hfpu3uqu; pgv_si=s4256506880; BJYADMIN=laj2ql36hl6lslgnmtnsh4biln',
)
[ info ] [ PARAM ] array (
)
[ info ] [ RUN ] app\home\controller\News->news[ D:\PHP\www\marchsoft\application\home\controller\News.php ]
[ info ] [ DB ] INIT mysql
[ info ] [ VIEW ] D:\PHP\www\marchsoft/application/home\view\news\news.html [ array (
  0 => 'content',
  1 => 'page',
) ]
[ info ] [ LOG ] INIT File
[ sql ] [ DB ] CONNECT:[ UseTime:0.248142s ] mysql:dbname=marchsoft;host=feiyueweb.cn;port=3306;charset=utf8
[ sql ] [ SQL ] SHOW COLUMNS FROM `march_news` [ RunTime:0.037265s ]
[ sql ] [ SQL ] SELECT COUNT(*) AS tp_count FROM `march_news` WHERE  `status` = 1 LIMIT 1 [ RunTime:0.035689s ]
[ sql ] [ SQL ] SELECT `march_news`.`id`,`title`,`writer`,`march_news`.`created_at`,`page_views`,`status` FROM `march_news` WHERE  `status` = 1 LIMIT 0,10 [ RunTime:0.036042s ]

---------------------------------------------------------------
[ 2017-04-28T20:35:08+08:00 ] ::1 ::1 GET /marchsoft/home/index/index
[ log ] localhost/marchsoft/home/index/index [运行时间：0.038555s][吞吐率：25.94req/s] [内存消耗：1,898.47kb] [文件加载：51]
[ info ] [ LANG ] D:\PHP\www\marchsoft\thinkphp\lang\zh-cn.php
[ info ] [ ROUTE ] array (
  'type' => 'module',
  'module' => 
  array (
    0 => 'home',
    1 => 'index',
    2 => 'index',
  ),
)
[ info ] [ HEADER ] array (
  'host' => 'localhost',
  'connection' => 'keep-alive',
  'cache-control' => 'max-age=0',
  'upgrade-insecure-requests' => '1',
  'user-agent' => 'Mozilla/5.0 (iPhone; CPU iPhone OS 9_1 like Mac OS X) AppleWebKit/601.1.46 (KHTML, like Gecko) Version/9.0 Mobile/13B143 Safari/601.1',
  'accept' => 'text/html,application/xhtml+xml,application/xml;q=0.9,image/webp,*/*;q=0.8',
  'referer' => 'http://localhost/marchsoft/home/index/index',
  'accept-encoding' => 'gzip, deflate, sdch, br',
  'accept-language' => 'zh-CN,zh;q=0.8,en;q=0.6',
  'cookie' => 'thinkphp_show_page_trace=0|1; thinkphp_show_page_trace=0|0; pgv_pvi=1835683840; PHPSESSID=1370fns46u4a2uk7c9hfpu3uqu; pgv_si=s4256506880; BJYADMIN=laj2ql36hl6lslgnmtnsh4biln',
)
[ info ] [ PARAM ] array (
)
[ info ] [ RUN ] app\home\controller\Index->index[ D:\PHP\www\marchsoft\application\home\controller\Index.php ]
[ info ] [ VIEW ] D:\PHP\www\marchsoft/application/home\view\index\index.html [ array (
) ]
[ info ] [ LOG ] INIT File

---------------------------------------------------------------
[ 2017-04-28T20:35:33+08:00 ] ::1 ::1 GET /marchsoft/home/index/index
[ log ] localhost/marchsoft/home/index/index [运行时间：0.050534s][吞吐率：19.79req/s] [内存消耗：2,074.96kb] [文件加载：53]
[ info ] [ LANG ] D:\PHP\www\marchsoft\thinkphp\lang\zh-cn.php
[ info ] [ ROUTE ] array (
  'type' => 'module',
  'module' => 
  array (
    0 => 'home',
    1 => 'index',
    2 => 'index',
  ),
)
[ info ] [ HEADER ] array (
  'host' => 'localhost',
  'connection' => 'keep-alive',
  'cache-control' => 'max-age=0',
  'upgrade-insecure-requests' => '1',
  'user-agent' => 'Mozilla/5.0 (iPhone; CPU iPhone OS 9_1 like Mac OS X) AppleWebKit/601.1.46 (KHTML, like Gecko) Version/9.0 Mobile/13B143 Safari/601.1',
  'accept' => 'text/html,application/xhtml+xml,application/xml;q=0.9,image/webp,*/*;q=0.8',
  'referer' => 'http://localhost/marchsoft/home/index/index',
  'accept-encoding' => 'gzip, deflate, sdch, br',
  'accept-language' => 'zh-CN,zh;q=0.8,en;q=0.6',
  'cookie' => 'thinkphp_show_page_trace=0|1; thinkphp_show_page_trace=0|0; pgv_pvi=1835683840; PHPSESSID=1370fns46u4a2uk7c9hfpu3uqu; pgv_si=s4256506880; BJYADMIN=laj2ql36hl6lslgnmtnsh4biln',
)
[ info ] [ PARAM ] array (
)
[ info ] [ RUN ] app\home\controller\Index->index[ D:\PHP\www\marchsoft\application\home\controller\Index.php ]
[ info ] [ VIEW ] D:\PHP\www\marchsoft/application/home\view\index\index.html [ array (
) ]
[ info ] [ LOG ] INIT File

---------------------------------------------------------------
[ 2017-04-28T20:36:35+08:00 ] ::1 ::1 GET /marchsoft/admin/news/getNewsDetailById
[ log ] localhost/marchsoft/admin/news/getNewsDetailById [运行时间：0.029842s][吞吐率：33.51req/s] [内存消耗：1,582.22kb] [文件加载：41]
[ info ] [ LANG ] D:\PHP\www\marchsoft\thinkphp\lang\zh-cn.php
[ info ] [ ROUTE ] array (
  'type' => 'module',
  'module' => 
  array (
    0 => 'admin',
    1 => 'news',
    2 => 'getNewsDetailById',
  ),
)
[ info ] [ HEADER ] array (
  'host' => 'localhost',
  'connection' => 'keep-alive',
  'upgrade-insecure-requests' => '1',
  'user-agent' => 'Mozilla/5.0 (Windows NT 10.0; Win64; x64) AppleWebKit/537.36 (KHTML, like Gecko) Chrome/57.0.2987.110 Safari/537.36',
  'accept' => 'text/html,application/xhtml+xml,application/xml;q=0.9,image/webp,*/*;q=0.8',
  'accept-encoding' => 'gzip, deflate, sdch, br',
  'accept-language' => 'zh-CN,zh;q=0.8,en;q=0.6',
  'cookie' => 'thinkphp_show_page_trace=0|0; pgv_pvi=1835683840; PHPSESSID=1370fns46u4a2uk7c9hfpu3uqu; pgv_si=s4256506880; BJYADMIN=laj2ql36hl6lslgnmtnsh4biln',
)
[ info ] [ PARAM ] array (
)
[ info ] [ RUN ] app\admin\controller\News->getNewsDetailById[ D:\PHP\www\marchsoft\application\admin\controller\News.php ]
[ info ] [ LOG ] INIT File

---------------------------------------------------------------
[ 2017-04-28T20:36:52+08:00 ] ::1 ::1 GET /marchsoft/admin/news/getNewsDetailById?id=10
[ log ] localhost/marchsoft/admin/news/getNewsDetailById?id=10 [运行时间：0.027085s][吞吐率：36.92req/s] [内存消耗：1,583.08kb] [文件加载：41]
[ info ] [ LANG ] D:\PHP\www\marchsoft\thinkphp\lang\zh-cn.php
[ info ] [ ROUTE ] array (
  'type' => 'module',
  'module' => 
  array (
    0 => 'admin',
    1 => 'news',
    2 => 'getNewsDetailById',
  ),
)
[ info ] [ HEADER ] array (
  'host' => 'localhost',
  'connection' => 'keep-alive',
  'upgrade-insecure-requests' => '1',
  'user-agent' => 'Mozilla/5.0 (Windows NT 10.0; Win64; x64) AppleWebKit/537.36 (KHTML, like Gecko) Chrome/57.0.2987.110 Safari/537.36',
  'accept' => 'text/html,application/xhtml+xml,application/xml;q=0.9,image/webp,*/*;q=0.8',
  'accept-encoding' => 'gzip, deflate, sdch, br',
  'accept-language' => 'zh-CN,zh;q=0.8,en;q=0.6',
  'cookie' => 'thinkphp_show_page_trace=0|0; pgv_pvi=1835683840; PHPSESSID=1370fns46u4a2uk7c9hfpu3uqu; pgv_si=s4256506880; BJYADMIN=laj2ql36hl6lslgnmtnsh4biln',
)
[ info ] [ PARAM ] array (
  'id' => '10',
)
[ info ] [ RUN ] app\admin\controller\News->getNewsDetailById[ D:\PHP\www\marchsoft\application\admin\controller\News.php ]
[ info ] [ LOG ] INIT File

---------------------------------------------------------------
[ 2017-04-28T20:39:24+08:00 ] ::1 ::1 GET /marchsoft/admin/news/getNewsDetailById
[ log ] localhost/marchsoft/admin/news/getNewsDetailById [运行时间：0.040307s][吞吐率：24.81req/s] [内存消耗：1,582.34kb] [文件加载：41]
[ info ] [ LANG ] D:\PHP\www\marchsoft\thinkphp\lang\zh-cn.php
[ info ] [ ROUTE ] array (
  'type' => 'module',
  'module' => 
  array (
    0 => 'admin',
    1 => 'news',
    2 => 'getNewsDetailById',
  ),
)
[ info ] [ HEADER ] array (
  'host' => 'localhost',
  'connection' => 'keep-alive',
  'upgrade-insecure-requests' => '1',
  'user-agent' => 'Mozilla/5.0 (iPhone; CPU iPhone OS 9_1 like Mac OS X) AppleWebKit/601.1.46 (KHTML, like Gecko) Version/9.0 Mobile/13B143 Safari/601.1',
  'accept' => 'text/html,application/xhtml+xml,application/xml;q=0.9,image/webp,*/*;q=0.8',
  'accept-encoding' => 'gzip, deflate, sdch, br',
  'accept-language' => 'zh-CN,zh;q=0.8,en;q=0.6',
  'cookie' => 'thinkphp_show_page_trace=0|0; pgv_pvi=1835683840; PHPSESSID=1370fns46u4a2uk7c9hfpu3uqu; pgv_si=s4256506880; BJYADMIN=laj2ql36hl6lslgnmtnsh4biln',
)
[ info ] [ PARAM ] array (
)
[ info ] [ RUN ] app\admin\controller\News->getNewsDetailById[ D:\PHP\www\marchsoft\application\admin\controller\News.php ]
[ info ] [ LOG ] INIT File

---------------------------------------------------------------
[ 2017-04-28T20:39:44+08:00 ] ::1 ::1 GET /marchsoft/admin/news/getNewsList
[ log ] localhost/marchsoft/admin/news/getNewsList [运行时间：0.262931s][吞吐率：3.80req/s] [内存消耗：2,855.16kb] [文件加载：53]
[ info ] [ LANG ] D:\PHP\www\marchsoft\thinkphp\lang\zh-cn.php
[ info ] [ ROUTE ] array (
  'type' => 'module',
  'module' => 
  array (
    0 => 'admin',
    1 => 'news',
    2 => 'getNewsList',
  ),
)
[ info ] [ HEADER ] array (
  'host' => 'localhost',
  'connection' => 'keep-alive',
  'upgrade-insecure-requests' => '1',
  'user-agent' => 'Mozilla/5.0 (iPhone; CPU iPhone OS 9_1 like Mac OS X) AppleWebKit/601.1.46 (KHTML, like Gecko) Version/9.0 Mobile/13B143 Safari/601.1',
  'accept' => 'text/html,application/xhtml+xml,application/xml;q=0.9,image/webp,*/*;q=0.8',
  'accept-encoding' => 'gzip, deflate, sdch, br',
  'accept-language' => 'zh-CN,zh;q=0.8,en;q=0.6',
  'cookie' => 'thinkphp_show_page_trace=0|0; pgv_pvi=1835683840; PHPSESSID=1370fns46u4a2uk7c9hfpu3uqu; pgv_si=s4256506880; BJYADMIN=laj2ql36hl6lslgnmtnsh4biln',
)
[ info ] [ PARAM ] array (
)
[ info ] [ RUN ] app\admin\controller\News->getNewsList[ D:\PHP\www\marchsoft\application\admin\controller\News.php ]
[ info ] [ DB ] INIT mysql
[ info ] [ LOG ] INIT File
[ sql ] [ DB ] CONNECT:[ UseTime:0.062532s ] mysql:dbname=marchsoft;host=feiyueweb.cn;port=3306;charset=utf8
[ sql ] [ SQL ] SHOW COLUMNS FROM `march_news` [ RunTime:0.041190s ]
[ sql ] [ SQL ] SELECT COUNT(*) AS tp_count FROM `march_news` INNER JOIN `march_imgs` `march_imgs` ON `cover_img_id`=`march_imgs`.`img_id` WHERE  `status` = 1 LIMIT 1 [ RunTime:0.040579s ]
[ sql ] [ SQL ] SELECT `march_news`.`id`,`title`,`march_news`.`created_at`,`page_views`,`content`,`url` FROM `march_news` INNER JOIN `march_imgs` `march_imgs` ON `cover_img_id`=`march_imgs`.`img_id` WHERE  `status` = 1 ORDER BY march_news.created_at asc LIMIT 0,10 [ RunTime:0.071119s ]

---------------------------------------------------------------
[ 2017-04-28T20:41:00+08:00 ] ::1 ::1 GET /marchsoft/home/news/news
[ log ] localhost/marchsoft/home/news/news [运行时间：0.229308s][吞吐率：4.36req/s] [内存消耗：2,748.13kb] [文件加载：59]
[ info ] [ LANG ] D:\PHP\www\marchsoft\thinkphp\lang\zh-cn.php
[ info ] [ ROUTE ] array (
  'type' => 'module',
  'module' => 
  array (
    0 => 'home',
    1 => 'news',
    2 => 'news',
  ),
)
[ info ] [ HEADER ] array (
  'host' => 'localhost',
  'connection' => 'keep-alive',
  'upgrade-insecure-requests' => '1',
  'user-agent' => 'Mozilla/5.0 (iPhone; CPU iPhone OS 9_1 like Mac OS X) AppleWebKit/601.1.46 (KHTML, like Gecko) Version/9.0 Mobile/13B143 Safari/601.1',
  'accept' => 'text/html,application/xhtml+xml,application/xml;q=0.9,image/webp,*/*;q=0.8',
  'accept-encoding' => 'gzip, deflate, sdch, br',
  'accept-language' => 'zh-CN,zh;q=0.8,en;q=0.6',
  'cookie' => 'thinkphp_show_page_trace=0|0; thinkphp_show_page_trace=0|0; pgv_pvi=1835683840; PHPSESSID=1370fns46u4a2uk7c9hfpu3uqu; pgv_si=s4256506880; BJYADMIN=laj2ql36hl6lslgnmtnsh4biln',
)
[ info ] [ PARAM ] array (
)
[ info ] [ RUN ] app\home\controller\News->news[ D:\PHP\www\marchsoft\application\home\controller\News.php ]
[ info ] [ DB ] INIT mysql
[ info ] [ VIEW ] D:\PHP\www\marchsoft/application/home\view\news\news.html [ array (
  0 => 'content',
  1 => 'page',
) ]
[ info ] [ LOG ] INIT File
[ sql ] [ DB ] CONNECT:[ UseTime:0.057146s ] mysql:dbname=marchsoft;host=feiyueweb.cn;port=3306;charset=utf8
[ sql ] [ SQL ] SHOW COLUMNS FROM `march_news` [ RunTime:0.039179s ]
[ sql ] [ SQL ] SELECT COUNT(*) AS tp_count FROM `march_news` WHERE  `status` = 1 LIMIT 1 [ RunTime:0.037897s ]
[ sql ] [ SQL ] SELECT `march_news`.`id`,`title`,`writer`,`march_news`.`created_at`,`page_views`,`status` FROM `march_news` WHERE  `status` = 1 LIMIT 0,10 [ RunTime:0.038348s ]

---------------------------------------------------------------
[ 2017-04-28T20:41:03+08:00 ] ::1 ::1 GET /marchsoft/home/news/news
[ log ] localhost/marchsoft/home/news/news [运行时间：0.253607s][吞吐率：3.94req/s] [内存消耗：2,748.70kb] [文件加载：59]
[ info ] [ LANG ] D:\PHP\www\marchsoft\thinkphp\lang\zh-cn.php
[ info ] [ ROUTE ] array (
  'type' => 'module',
  'module' => 
  array (
    0 => 'home',
    1 => 'news',
    2 => 'news',
  ),
)
[ info ] [ HEADER ] array (
  'host' => 'localhost',
  'connection' => 'keep-alive',
  'cache-control' => 'max-age=0',
  'upgrade-insecure-requests' => '1',
  'user-agent' => 'Mozilla/5.0 (iPhone; CPU iPhone OS 9_1 like Mac OS X) AppleWebKit/601.1.46 (KHTML, like Gecko) Version/9.0 Mobile/13B143 Safari/601.1',
  'accept' => 'text/html,application/xhtml+xml,application/xml;q=0.9,image/webp,*/*;q=0.8',
  'accept-encoding' => 'gzip, deflate, sdch, br',
  'accept-language' => 'zh-CN,zh;q=0.8,en;q=0.6',
  'cookie' => 'thinkphp_show_page_trace=0|0; thinkphp_show_page_trace=0|0; pgv_pvi=1835683840; PHPSESSID=1370fns46u4a2uk7c9hfpu3uqu; pgv_si=s4256506880; BJYADMIN=laj2ql36hl6lslgnmtnsh4biln',
)
[ info ] [ PARAM ] array (
)
[ info ] [ RUN ] app\home\controller\News->news[ D:\PHP\www\marchsoft\application\home\controller\News.php ]
[ info ] [ DB ] INIT mysql
[ info ] [ VIEW ] D:\PHP\www\marchsoft/application/home\view\news\news.html [ array (
  0 => 'content',
  1 => 'page',
) ]
[ info ] [ LOG ] INIT File
[ sql ] [ DB ] CONNECT:[ UseTime:0.057327s ] mysql:dbname=marchsoft;host=feiyueweb.cn;port=3306;charset=utf8
[ sql ] [ SQL ] SHOW COLUMNS FROM `march_news` [ RunTime:0.039417s ]
[ sql ] [ SQL ] SELECT COUNT(*) AS tp_count FROM `march_news` WHERE  `status` = 1 LIMIT 1 [ RunTime:0.039157s ]
[ sql ] [ SQL ] SELECT `march_news`.`id`,`title`,`writer`,`march_news`.`created_at`,`page_views`,`status` FROM `march_news` WHERE  `status` = 1 LIMIT 0,10 [ RunTime:0.039238s ]

---------------------------------------------------------------
[ 2017-04-28T20:44:50+08:00 ] ::1 ::1 GET /marchsoft/home/news/getNewsList
[ log ] localhost/marchsoft/home/news/getNewsList [运行时间：0.044667s][吞吐率：22.39req/s] [内存消耗：1,668.89kb] [文件加载：48]
[ info ] [ LANG ] D:\PHP\www\marchsoft\thinkphp\lang\zh-cn.php
[ info ] [ ROUTE ] array (
  'type' => 'module',
  'module' => 
  array (
    0 => 'home',
    1 => 'news',
    2 => 'getNewsList',
  ),
)
[ info ] [ HEADER ] array (
  'host' => 'localhost',
  'connection' => 'keep-alive',
  'upgrade-insecure-requests' => '1',
  'user-agent' => 'Mozilla/5.0 (iPhone; CPU iPhone OS 9_1 like Mac OS X) AppleWebKit/601.1.46 (KHTML, like Gecko) Version/9.0 Mobile/13B143 Safari/601.1',
  'accept' => 'text/html,application/xhtml+xml,application/xml;q=0.9,image/webp,*/*;q=0.8',
  'accept-encoding' => 'gzip, deflate, sdch, br',
  'accept-language' => 'zh-CN,zh;q=0.8,en;q=0.6',
  'cookie' => 'thinkphp_show_page_trace=0|0; thinkphp_show_page_trace=0|0; pgv_pvi=1835683840; PHPSESSID=1370fns46u4a2uk7c9hfpu3uqu; pgv_si=s4256506880; BJYADMIN=laj2ql36hl6lslgnmtnsh4biln',
)
[ info ] [ PARAM ] array (
)
[ info ] [ LOG ] INIT File

---------------------------------------------------------------
[ 2017-04-28T20:44:54+08:00 ] ::1 ::1 GET /marchsoft/home/news/
[ log ] localhost/marchsoft/home/news/ [运行时间：0.042962s][吞吐率：23.28req/s] [内存消耗：1,668.66kb] [文件加载：48]
[ info ] [ LANG ] D:\PHP\www\marchsoft\thinkphp\lang\zh-cn.php
[ info ] [ ROUTE ] array (
  'type' => 'module',
  'module' => 
  array (
    0 => 'home',
    1 => 'news',
    2 => NULL,
  ),
)
[ info ] [ HEADER ] array (
  'host' => 'localhost',
  'connection' => 'keep-alive',
  'upgrade-insecure-requests' => '1',
  'user-agent' => 'Mozilla/5.0 (iPhone; CPU iPhone OS 9_1 like Mac OS X) AppleWebKit/601.1.46 (KHTML, like Gecko) Version/9.0 Mobile/13B143 Safari/601.1',
  'accept' => 'text/html,application/xhtml+xml,application/xml;q=0.9,image/webp,*/*;q=0.8',
  'accept-encoding' => 'gzip, deflate, sdch, br',
  'accept-language' => 'zh-CN,zh;q=0.8,en;q=0.6',
  'cookie' => 'thinkphp_show_page_trace=0|0; thinkphp_show_page_trace=0|0; pgv_pvi=1835683840; PHPSESSID=1370fns46u4a2uk7c9hfpu3uqu; pgv_si=s4256506880; BJYADMIN=laj2ql36hl6lslgnmtnsh4biln',
)
[ info ] [ PARAM ] array (
)
[ info ] [ LOG ] INIT File

---------------------------------------------------------------
[ 2017-04-28T20:45:10+08:00 ] ::1 ::1 GET /marchsoft/home/news/news
[ log ] localhost/marchsoft/home/news/news [运行时间：0.312380s][吞吐率：3.20req/s] [内存消耗：2,912.72kb] [文件加载：61]
[ info ] [ LANG ] D:\PHP\www\marchsoft\thinkphp\lang\zh-cn.php
[ info ] [ ROUTE ] array (
  'type' => 'module',
  'module' => 
  array (
    0 => 'home',
    1 => 'news',
    2 => 'news',
  ),
)
[ info ] [ HEADER ] array (
  'host' => 'localhost',
  'connection' => 'keep-alive',
  'upgrade-insecure-requests' => '1',
  'user-agent' => 'Mozilla/5.0 (iPhone; CPU iPhone OS 9_1 like Mac OS X) AppleWebKit/601.1.46 (KHTML, like Gecko) Version/9.0 Mobile/13B143 Safari/601.1',
  'accept' => 'text/html,application/xhtml+xml,application/xml;q=0.9,image/webp,*/*;q=0.8',
  'accept-encoding' => 'gzip, deflate, sdch, br',
  'accept-language' => 'zh-CN,zh;q=0.8,en;q=0.6',
  'cookie' => 'thinkphp_show_page_trace=0|0; thinkphp_show_page_trace=0|0; pgv_pvi=1835683840; PHPSESSID=1370fns46u4a2uk7c9hfpu3uqu; pgv_si=s4256506880; BJYADMIN=laj2ql36hl6lslgnmtnsh4biln',
)
[ info ] [ PARAM ] array (
)
[ info ] [ RUN ] app\home\controller\News->news[ D:\PHP\www\marchsoft\application\home\controller\News.php ]
[ info ] [ DB ] INIT mysql
[ info ] [ VIEW ] D:\PHP\www\marchsoft/application/home\view\news\news.html [ array (
  0 => 'content',
  1 => 'page',
) ]
[ info ] [ LOG ] INIT File
[ sql ] [ DB ] CONNECT:[ UseTime:0.098293s ] mysql:dbname=marchsoft;host=feiyueweb.cn;port=3306;charset=utf8
[ sql ] [ SQL ] SHOW COLUMNS FROM `march_news` [ RunTime:0.041190s ]
[ sql ] [ SQL ] SELECT COUNT(*) AS tp_count FROM `march_news` WHERE  `status` = 1 LIMIT 1 [ RunTime:0.042056s ]
[ sql ] [ SQL ] SELECT `march_news`.`id`,`title`,`writer`,`march_news`.`created_at`,`page_views`,`status` FROM `march_news` WHERE  `status` = 1 LIMIT 0,10 [ RunTime:0.041786s ]

---------------------------------------------------------------
[ 2017-04-28T20:45:37+08:00 ] ::1 ::1 GET /marchsoft/home/news/news
[ log ] localhost/marchsoft/home/news/news [运行时间：0.262298s][吞吐率：3.81req/s] [内存消耗：2,913.28kb] [文件加载：61]
[ info ] [ LANG ] D:\PHP\www\marchsoft\thinkphp\lang\zh-cn.php
[ info ] [ ROUTE ] array (
  'type' => 'module',
  'module' => 
  array (
    0 => 'home',
    1 => 'news',
    2 => 'news',
  ),
)
[ info ] [ HEADER ] array (
  'host' => 'localhost',
  'connection' => 'keep-alive',
  'cache-control' => 'max-age=0',
  'upgrade-insecure-requests' => '1',
  'user-agent' => 'Mozilla/5.0 (iPhone; CPU iPhone OS 9_1 like Mac OS X) AppleWebKit/601.1.46 (KHTML, like Gecko) Version/9.0 Mobile/13B143 Safari/601.1',
  'accept' => 'text/html,application/xhtml+xml,application/xml;q=0.9,image/webp,*/*;q=0.8',
  'accept-encoding' => 'gzip, deflate, sdch, br',
  'accept-language' => 'zh-CN,zh;q=0.8,en;q=0.6',
  'cookie' => 'thinkphp_show_page_trace=0|0; thinkphp_show_page_trace=0|0; pgv_pvi=1835683840; PHPSESSID=1370fns46u4a2uk7c9hfpu3uqu; pgv_si=s4256506880; BJYADMIN=laj2ql36hl6lslgnmtnsh4biln',
)
[ info ] [ PARAM ] array (
)
[ info ] [ RUN ] app\home\controller\News->news[ D:\PHP\www\marchsoft\application\home\controller\News.php ]
[ info ] [ DB ] INIT mysql
[ info ] [ VIEW ] D:\PHP\www\marchsoft/application/home\view\news\news.html [ array (
  0 => 'content',
  1 => 'page',
) ]
[ info ] [ LOG ] INIT File
[ sql ] [ DB ] CONNECT:[ UseTime:0.054383s ] mysql:dbname=marchsoft;host=feiyueweb.cn;port=3306;charset=utf8
[ sql ] [ SQL ] SHOW COLUMNS FROM `march_news` [ RunTime:0.035945s ]
[ sql ] [ SQL ] SELECT COUNT(*) AS tp_count FROM `march_news` WHERE  `status` = 1 LIMIT 1 [ RunTime:0.036202s ]
[ sql ] [ SQL ] SELECT `march_news`.`id`,`title`,`writer`,`march_news`.`created_at`,`page_views`,`status` FROM `march_news` WHERE  `status` = 1 LIMIT 0,10 [ RunTime:0.036634s ]

---------------------------------------------------------------
[ 2017-04-28T20:46:31+08:00 ] ::1 ::1 GET /marchsoft/home/news/news
[ log ] localhost/marchsoft/home/news/news [运行时间：0.230593s][吞吐率：4.34req/s] [内存消耗：2,913.28kb] [文件加载：61]
[ info ] [ LANG ] D:\PHP\www\marchsoft\thinkphp\lang\zh-cn.php
[ info ] [ ROUTE ] array (
  'type' => 'module',
  'module' => 
  array (
    0 => 'home',
    1 => 'news',
    2 => 'news',
  ),
)
[ info ] [ HEADER ] array (
  'host' => 'localhost',
  'connection' => 'keep-alive',
  'cache-control' => 'max-age=0',
  'upgrade-insecure-requests' => '1',
  'user-agent' => 'Mozilla/5.0 (iPhone; CPU iPhone OS 9_1 like Mac OS X) AppleWebKit/601.1.46 (KHTML, like Gecko) Version/9.0 Mobile/13B143 Safari/601.1',
  'accept' => 'text/html,application/xhtml+xml,application/xml;q=0.9,image/webp,*/*;q=0.8',
  'accept-encoding' => 'gzip, deflate, sdch, br',
  'accept-language' => 'zh-CN,zh;q=0.8,en;q=0.6',
  'cookie' => 'thinkphp_show_page_trace=0|0; thinkphp_show_page_trace=0|0; pgv_pvi=1835683840; PHPSESSID=1370fns46u4a2uk7c9hfpu3uqu; pgv_si=s4256506880; BJYADMIN=laj2ql36hl6lslgnmtnsh4biln',
)
[ info ] [ PARAM ] array (
)
[ info ] [ RUN ] app\home\controller\News->news[ D:\PHP\www\marchsoft\application\home\controller\News.php ]
[ info ] [ DB ] INIT mysql
[ info ] [ VIEW ] D:\PHP\www\marchsoft/application/home\view\news\news.html [ array (
  0 => 'content',
  1 => 'page',
) ]
[ info ] [ LOG ] INIT File
[ sql ] [ DB ] CONNECT:[ UseTime:0.057279s ] mysql:dbname=marchsoft;host=feiyueweb.cn;port=3306;charset=utf8
[ sql ] [ SQL ] SHOW COLUMNS FROM `march_news` [ RunTime:0.038385s ]
[ sql ] [ SQL ] SELECT COUNT(*) AS tp_count FROM `march_news` WHERE  `status` = 1 LIMIT 1 [ RunTime:0.038218s ]
[ sql ] [ SQL ] SELECT `march_news`.`id`,`title`,`writer`,`march_news`.`created_at`,`page_views`,`status` FROM `march_news` WHERE  `status` = 1 LIMIT 0,10 [ RunTime:0.038782s ]

---------------------------------------------------------------
[ 2017-04-28T20:47:05+08:00 ] ::1 ::1 GET /marchsoft/home/news/news
[ log ] localhost/marchsoft/home/news/news [运行时间：0.230554s][吞吐率：4.34req/s] [内存消耗：2,913.28kb] [文件加载：61]
[ info ] [ LANG ] D:\PHP\www\marchsoft\thinkphp\lang\zh-cn.php
[ info ] [ ROUTE ] array (
  'type' => 'module',
  'module' => 
  array (
    0 => 'home',
    1 => 'news',
    2 => 'news',
  ),
)
[ info ] [ HEADER ] array (
  'host' => 'localhost',
  'connection' => 'keep-alive',
  'cache-control' => 'max-age=0',
  'upgrade-insecure-requests' => '1',
  'user-agent' => 'Mozilla/5.0 (iPhone; CPU iPhone OS 9_1 like Mac OS X) AppleWebKit/601.1.46 (KHTML, like Gecko) Version/9.0 Mobile/13B143 Safari/601.1',
  'accept' => 'text/html,application/xhtml+xml,application/xml;q=0.9,image/webp,*/*;q=0.8',
  'accept-encoding' => 'gzip, deflate, sdch, br',
  'accept-language' => 'zh-CN,zh;q=0.8,en;q=0.6',
  'cookie' => 'thinkphp_show_page_trace=0|0; thinkphp_show_page_trace=0|0; pgv_pvi=1835683840; PHPSESSID=1370fns46u4a2uk7c9hfpu3uqu; pgv_si=s4256506880; BJYADMIN=laj2ql36hl6lslgnmtnsh4biln',
)
[ info ] [ PARAM ] array (
)
[ info ] [ RUN ] app\home\controller\News->news[ D:\PHP\www\marchsoft\application\home\controller\News.php ]
[ info ] [ DB ] INIT mysql
[ info ] [ VIEW ] D:\PHP\www\marchsoft/application/home\view\news\news.html [ array (
  0 => 'content',
  1 => 'page',
) ]
[ info ] [ LOG ] INIT File
[ sql ] [ DB ] CONNECT:[ UseTime:0.057528s ] mysql:dbname=marchsoft;host=feiyueweb.cn;port=3306;charset=utf8
[ sql ] [ SQL ] SHOW COLUMNS FROM `march_news` [ RunTime:0.045292s ]
[ sql ] [ SQL ] SELECT COUNT(*) AS tp_count FROM `march_news` WHERE  `status` = 1 LIMIT 1 [ RunTime:0.037375s ]
[ sql ] [ SQL ] SELECT `march_news`.`id`,`title`,`writer`,`march_news`.`created_at`,`page_views`,`status` FROM `march_news` WHERE  `status` = 1 LIMIT 0,10 [ RunTime:0.038711s ]

---------------------------------------------------------------
[ 2017-04-28T20:48:18+08:00 ] ::1 ::1 GET /marchsoft/home/news/news
[ log ] localhost/marchsoft/home/news/news [运行时间：0.273598s][吞吐率：3.65req/s] [内存消耗：2,913.28kb] [文件加载：61]
[ info ] [ LANG ] D:\PHP\www\marchsoft\thinkphp\lang\zh-cn.php
[ info ] [ ROUTE ] array (
  'type' => 'module',
  'module' => 
  array (
    0 => 'home',
    1 => 'news',
    2 => 'news',
  ),
)
[ info ] [ HEADER ] array (
  'host' => 'localhost',
  'connection' => 'keep-alive',
  'cache-control' => 'max-age=0',
  'upgrade-insecure-requests' => '1',
  'user-agent' => 'Mozilla/5.0 (iPhone; CPU iPhone OS 9_1 like Mac OS X) AppleWebKit/601.1.46 (KHTML, like Gecko) Version/9.0 Mobile/13B143 Safari/601.1',
  'accept' => 'text/html,application/xhtml+xml,application/xml;q=0.9,image/webp,*/*;q=0.8',
  'accept-encoding' => 'gzip, deflate, sdch, br',
  'accept-language' => 'zh-CN,zh;q=0.8,en;q=0.6',
  'cookie' => 'thinkphp_show_page_trace=0|0; thinkphp_show_page_trace=0|0; pgv_pvi=1835683840; PHPSESSID=1370fns46u4a2uk7c9hfpu3uqu; pgv_si=s4256506880; BJYADMIN=laj2ql36hl6lslgnmtnsh4biln',
)
[ info ] [ PARAM ] array (
)
[ info ] [ RUN ] app\home\controller\News->news[ D:\PHP\www\marchsoft\application\home\controller\News.php ]
[ info ] [ DB ] INIT mysql
[ info ] [ VIEW ] D:\PHP\www\marchsoft/application/home\view\news\news.html [ array (
  0 => 'content',
  1 => 'page',
) ]
[ info ] [ LOG ] INIT File
[ sql ] [ DB ] CONNECT:[ UseTime:0.065636s ] mysql:dbname=marchsoft;host=feiyueweb.cn;port=3306;charset=utf8
[ sql ] [ SQL ] SHOW COLUMNS FROM `march_news` [ RunTime:0.043607s ]
[ sql ] [ SQL ] SELECT COUNT(*) AS tp_count FROM `march_news` WHERE  `status` = 1 LIMIT 1 [ RunTime:0.043547s ]
[ sql ] [ SQL ] SELECT `march_news`.`id`,`title`,`writer`,`march_news`.`created_at`,`page_views`,`status` FROM `march_news` WHERE  `status` = 1 LIMIT 0,10 [ RunTime:0.043286s ]

---------------------------------------------------------------
[ 2017-04-28T20:48:23+08:00 ] ::1 ::1 GET /marchsoft/home/news/news
[ log ] localhost/marchsoft/home/news/news [运行时间：0.244420s][吞吐率：4.09req/s] [内存消耗：2,748.70kb] [文件加载：59]
[ info ] [ LANG ] D:\PHP\www\marchsoft\thinkphp\lang\zh-cn.php
[ info ] [ ROUTE ] array (
  'type' => 'module',
  'module' => 
  array (
    0 => 'home',
    1 => 'news',
    2 => 'news',
  ),
)
[ info ] [ HEADER ] array (
  'host' => 'localhost',
  'connection' => 'keep-alive',
  'cache-control' => 'max-age=0',
  'upgrade-insecure-requests' => '1',
  'user-agent' => 'Mozilla/5.0 (iPhone; CPU iPhone OS 9_1 like Mac OS X) AppleWebKit/601.1.46 (KHTML, like Gecko) Version/9.0 Mobile/13B143 Safari/601.1',
  'accept' => 'text/html,application/xhtml+xml,application/xml;q=0.9,image/webp,*/*;q=0.8',
  'accept-encoding' => 'gzip, deflate, sdch, br',
  'accept-language' => 'zh-CN,zh;q=0.8,en;q=0.6',
  'cookie' => 'thinkphp_show_page_trace=0|0; thinkphp_show_page_trace=0|0; pgv_pvi=1835683840; PHPSESSID=1370fns46u4a2uk7c9hfpu3uqu; pgv_si=s4256506880; BJYADMIN=laj2ql36hl6lslgnmtnsh4biln',
)
[ info ] [ PARAM ] array (
)
[ info ] [ RUN ] app\home\controller\News->news[ D:\PHP\www\marchsoft\application\home\controller\News.php ]
[ info ] [ DB ] INIT mysql
[ info ] [ VIEW ] D:\PHP\www\marchsoft/application/home\view\news\news.html [ array (
  0 => 'content',
  1 => 'page',
) ]
[ info ] [ LOG ] INIT File
[ sql ] [ DB ] CONNECT:[ UseTime:0.052595s ] mysql:dbname=marchsoft;host=feiyueweb.cn;port=3306;charset=utf8
[ sql ] [ SQL ] SHOW COLUMNS FROM `march_news` [ RunTime:0.036766s ]
[ sql ] [ SQL ] SELECT COUNT(*) AS tp_count FROM `march_news` WHERE  `status` = 1 LIMIT 1 [ RunTime:0.035682s ]
[ sql ] [ SQL ] SELECT `march_news`.`id`,`title`,`writer`,`march_news`.`created_at`,`page_views`,`status` FROM `march_news` WHERE  `status` = 1 LIMIT 0,10 [ RunTime:0.037677s ]

---------------------------------------------------------------
[ 2017-04-28T20:48:46+08:00 ] ::1 ::1 GET /marchsoft/home/news/news
[ log ] localhost/marchsoft/home/news/news [运行时间：0.231188s][吞吐率：4.33req/s] [内存消耗：2,913.28kb] [文件加载：61]
[ info ] [ LANG ] D:\PHP\www\marchsoft\thinkphp\lang\zh-cn.php
[ info ] [ ROUTE ] array (
  'type' => 'module',
  'module' => 
  array (
    0 => 'home',
    1 => 'news',
    2 => 'news',
  ),
)
[ info ] [ HEADER ] array (
  'host' => 'localhost',
  'connection' => 'keep-alive',
  'cache-control' => 'max-age=0',
  'upgrade-insecure-requests' => '1',
  'user-agent' => 'Mozilla/5.0 (iPhone; CPU iPhone OS 9_1 like Mac OS X) AppleWebKit/601.1.46 (KHTML, like Gecko) Version/9.0 Mobile/13B143 Safari/601.1',
  'accept' => 'text/html,application/xhtml+xml,application/xml;q=0.9,image/webp,*/*;q=0.8',
  'accept-encoding' => 'gzip, deflate, sdch, br',
  'accept-language' => 'zh-CN,zh;q=0.8,en;q=0.6',
  'cookie' => 'thinkphp_show_page_trace=0|0; thinkphp_show_page_trace=0|0; pgv_pvi=1835683840; PHPSESSID=1370fns46u4a2uk7c9hfpu3uqu; pgv_si=s4256506880; BJYADMIN=laj2ql36hl6lslgnmtnsh4biln',
)
[ info ] [ PARAM ] array (
)
[ info ] [ RUN ] app\home\controller\News->news[ D:\PHP\www\marchsoft\application\home\controller\News.php ]
[ info ] [ DB ] INIT mysql
[ info ] [ VIEW ] D:\PHP\www\marchsoft/application/home\view\news\news.html [ array (
  0 => 'content',
  1 => 'page',
) ]
[ info ] [ LOG ] INIT File
[ sql ] [ DB ] CONNECT:[ UseTime:0.058157s ] mysql:dbname=marchsoft;host=feiyueweb.cn;port=3306;charset=utf8
[ sql ] [ SQL ] SHOW COLUMNS FROM `march_news` [ RunTime:0.038706s ]
[ sql ] [ SQL ] SELECT COUNT(*) AS tp_count FROM `march_news` WHERE  `status` = 1 LIMIT 1 [ RunTime:0.038658s ]
[ sql ] [ SQL ] SELECT `march_news`.`id`,`title`,`writer`,`march_news`.`created_at`,`page_views`,`status` FROM `march_news` WHERE  `status` = 1 LIMIT 0,10 [ RunTime:0.039368s ]

---------------------------------------------------------------
[ 2017-04-28T20:54:16+08:00 ] ::1 ::1 GET /marchsoft/home/news/news
[ log ] localhost/marchsoft/home/news/news [运行时间：0.235552s][吞吐率：4.25req/s] [内存消耗：2,913.28kb] [文件加载：61]
[ info ] [ LANG ] D:\PHP\www\marchsoft\thinkphp\lang\zh-cn.php
[ info ] [ ROUTE ] array (
  'type' => 'module',
  'module' => 
  array (
    0 => 'home',
    1 => 'news',
    2 => 'news',
  ),
)
[ info ] [ HEADER ] array (
  'host' => 'localhost',
  'connection' => 'keep-alive',
  'cache-control' => 'max-age=0',
  'upgrade-insecure-requests' => '1',
  'user-agent' => 'Mozilla/5.0 (iPhone; CPU iPhone OS 9_1 like Mac OS X) AppleWebKit/601.1.46 (KHTML, like Gecko) Version/9.0 Mobile/13B143 Safari/601.1',
  'accept' => 'text/html,application/xhtml+xml,application/xml;q=0.9,image/webp,*/*;q=0.8',
  'accept-encoding' => 'gzip, deflate, sdch, br',
  'accept-language' => 'zh-CN,zh;q=0.8,en;q=0.6',
  'cookie' => 'thinkphp_show_page_trace=0|0; thinkphp_show_page_trace=0|0; pgv_pvi=1835683840; PHPSESSID=1370fns46u4a2uk7c9hfpu3uqu; pgv_si=s4256506880; BJYADMIN=laj2ql36hl6lslgnmtnsh4biln',
)
[ info ] [ PARAM ] array (
)
[ info ] [ RUN ] app\home\controller\News->news[ D:\PHP\www\marchsoft\application\home\controller\News.php ]
[ info ] [ DB ] INIT mysql
[ info ] [ VIEW ] D:\PHP\www\marchsoft/application/home\view\news\news.html [ array (
  0 => 'content',
  1 => 'page',
) ]
[ info ] [ LOG ] INIT File
[ sql ] [ DB ] CONNECT:[ UseTime:0.058298s ] mysql:dbname=marchsoft;host=feiyueweb.cn;port=3306;charset=utf8
[ sql ] [ SQL ] SHOW COLUMNS FROM `march_news` [ RunTime:0.038731s ]
[ sql ] [ SQL ] SELECT COUNT(*) AS tp_count FROM `march_news` WHERE  `status` = 1 LIMIT 1 [ RunTime:0.037892s ]
[ sql ] [ SQL ] SELECT `march_news`.`id`,`title`,`writer`,`march_news`.`created_at`,`page_views`,`status` FROM `march_news` WHERE  `status` = 1 LIMIT 0,10 [ RunTime:0.038024s ]

---------------------------------------------------------------
[ 2017-04-28T20:54:16+08:00 ] ::1 ::1 GET /marchsoft/home/news/json.jsp
[ log ] localhost/marchsoft/home/news/json.jsp [运行时间：0.047714s][吞吐率：20.96req/s] [内存消耗：1,567.23kb] [文件加载：45]
[ info ] [ LANG ] D:\PHP\www\marchsoft\thinkphp\lang\zh-cn.php
[ info ] [ ROUTE ] array (
  'type' => 'module',
  'module' => 
  array (
    0 => 'home',
    1 => 'news',
    2 => 'json.jsp',
  ),
)
[ info ] [ HEADER ] array (
  'host' => 'localhost',
  'connection' => 'keep-alive',
  'accept' => 'application/json, text/plain, */*',
  'x-requested-with' => 'XMLHttpRequest',
  'user-agent' => 'Mozilla/5.0 (iPhone; CPU iPhone OS 9_1 like Mac OS X) AppleWebKit/601.1.46 (KHTML, like Gecko) Version/9.0 Mobile/13B143 Safari/601.1',
  'referer' => 'http://localhost/marchsoft/home/news/news',
  'accept-encoding' => 'gzip, deflate, sdch, br',
  'accept-language' => 'zh-CN,zh;q=0.8,en;q=0.6',
  'cookie' => 'thinkphp_show_page_trace=0|0; thinkphp_show_page_trace=0|0; pgv_pvi=1835683840; PHPSESSID=1370fns46u4a2uk7c9hfpu3uqu; pgv_si=s4256506880; BJYADMIN=laj2ql36hl6lslgnmtnsh4biln',
)
[ info ] [ PARAM ] array (
)
[ info ] [ LOG ] INIT File

---------------------------------------------------------------
[ 2017-04-28T20:55:38+08:00 ] ::1 ::1 GET /marchsoft/home/news/news
[ log ] localhost/marchsoft/home/news/news [运行时间：0.288640s][吞吐率：3.46req/s] [内存消耗：2,913.28kb] [文件加载：61]
[ info ] [ LANG ] D:\PHP\www\marchsoft\thinkphp\lang\zh-cn.php
[ info ] [ ROUTE ] array (
  'type' => 'module',
  'module' => 
  array (
    0 => 'home',
    1 => 'news',
    2 => 'news',
  ),
)
[ info ] [ HEADER ] array (
  'host' => 'localhost',
  'connection' => 'keep-alive',
  'cache-control' => 'max-age=0',
  'upgrade-insecure-requests' => '1',
  'user-agent' => 'Mozilla/5.0 (iPhone; CPU iPhone OS 9_1 like Mac OS X) AppleWebKit/601.1.46 (KHTML, like Gecko) Version/9.0 Mobile/13B143 Safari/601.1',
  'accept' => 'text/html,application/xhtml+xml,application/xml;q=0.9,image/webp,*/*;q=0.8',
  'accept-encoding' => 'gzip, deflate, sdch, br',
  'accept-language' => 'zh-CN,zh;q=0.8,en;q=0.6',
  'cookie' => 'thinkphp_show_page_trace=0|0; thinkphp_show_page_trace=0|0; pgv_pvi=1835683840; PHPSESSID=1370fns46u4a2uk7c9hfpu3uqu; pgv_si=s4256506880; BJYADMIN=laj2ql36hl6lslgnmtnsh4biln',
)
[ info ] [ PARAM ] array (
)
[ info ] [ RUN ] app\home\controller\News->news[ D:\PHP\www\marchsoft\application\home\controller\News.php ]
[ info ] [ DB ] INIT mysql
[ info ] [ VIEW ] D:\PHP\www\marchsoft/application/home\view\news\news.html [ array (
  0 => 'content',
  1 => 'page',
) ]
[ info ] [ LOG ] INIT File
[ sql ] [ DB ] CONNECT:[ UseTime:0.101063s ] mysql:dbname=marchsoft;host=feiyueweb.cn;port=3306;charset=utf8
[ sql ] [ SQL ] SHOW COLUMNS FROM `march_news` [ RunTime:0.044069s ]
[ sql ] [ SQL ] SELECT COUNT(*) AS tp_count FROM `march_news` WHERE  `status` = 1 LIMIT 1 [ RunTime:0.042994s ]
[ sql ] [ SQL ] SELECT `march_news`.`id`,`title`,`writer`,`march_news`.`created_at`,`page_views`,`status` FROM `march_news` WHERE  `status` = 1 LIMIT 0,10 [ RunTime:0.043077s ]

---------------------------------------------------------------
[ 2017-04-28T20:55:38+08:00 ] ::1 ::1 GET /marchsoft/home/news/%7B('admin/news/getNewsList')
[ log ] localhost/marchsoft/home/news/%7B('admin/news/getNewsList') [运行时间：0.048504s][吞吐率：20.62req/s] [内存消耗：1,568.23kb] [文件加载：45]
[ info ] [ LANG ] D:\PHP\www\marchsoft\thinkphp\lang\zh-cn.php
[ info ] [ ROUTE ] array (
  'type' => 'module',
  'module' => 
  array (
    0 => 'home',
    1 => 'news',
    2 => '{(\'admin',
  ),
)
[ info ] [ HEADER ] array (
  'host' => 'localhost',
  'connection' => 'keep-alive',
  'accept' => 'application/json, text/plain, */*',
  'x-requested-with' => 'XMLHttpRequest',
  'user-agent' => 'Mozilla/5.0 (iPhone; CPU iPhone OS 9_1 like Mac OS X) AppleWebKit/601.1.46 (KHTML, like Gecko) Version/9.0 Mobile/13B143 Safari/601.1',
  'referer' => 'http://localhost/marchsoft/home/news/news',
  'accept-encoding' => 'gzip, deflate, sdch, br',
  'accept-language' => 'zh-CN,zh;q=0.8,en;q=0.6',
  'cookie' => 'thinkphp_show_page_trace=0|0; thinkphp_show_page_trace=0|0; pgv_pvi=1835683840; PHPSESSID=1370fns46u4a2uk7c9hfpu3uqu; pgv_si=s4256506880; BJYADMIN=laj2ql36hl6lslgnmtnsh4biln',
)
[ info ] [ PARAM ] array (
  'news' => 'getNewsList\')',
)
[ info ] [ LOG ] INIT File

---------------------------------------------------------------
[ 2017-04-28T20:56:30+08:00 ] ::1 ::1 GET /marchsoft/home/news/news
[ log ] localhost/marchsoft/home/news/news [运行时间：0.239706s][吞吐率：4.17req/s] [内存消耗：2,913.28kb] [文件加载：61]
[ info ] [ LANG ] D:\PHP\www\marchsoft\thinkphp\lang\zh-cn.php
[ info ] [ ROUTE ] array (
  'type' => 'module',
  'module' => 
  array (
    0 => 'home',
    1 => 'news',
    2 => 'news',
  ),
)
[ info ] [ HEADER ] array (
  'host' => 'localhost',
  'connection' => 'keep-alive',
  'cache-control' => 'max-age=0',
  'upgrade-insecure-requests' => '1',
  'user-agent' => 'Mozilla/5.0 (iPhone; CPU iPhone OS 9_1 like Mac OS X) AppleWebKit/601.1.46 (KHTML, like Gecko) Version/9.0 Mobile/13B143 Safari/601.1',
  'accept' => 'text/html,application/xhtml+xml,application/xml;q=0.9,image/webp,*/*;q=0.8',
  'accept-encoding' => 'gzip, deflate, sdch, br',
  'accept-language' => 'zh-CN,zh;q=0.8,en;q=0.6',
  'cookie' => 'thinkphp_show_page_trace=0|0; thinkphp_show_page_trace=0|0; pgv_pvi=1835683840; PHPSESSID=1370fns46u4a2uk7c9hfpu3uqu; pgv_si=s4256506880; BJYADMIN=laj2ql36hl6lslgnmtnsh4biln',
)
[ info ] [ PARAM ] array (
)
[ info ] [ RUN ] app\home\controller\News->news[ D:\PHP\www\marchsoft\application\home\controller\News.php ]
[ info ] [ DB ] INIT mysql
[ info ] [ VIEW ] D:\PHP\www\marchsoft/application/home\view\news\news.html [ array (
  0 => 'content',
  1 => 'page',
) ]
[ info ] [ LOG ] INIT File
[ sql ] [ DB ] CONNECT:[ UseTime:0.057663s ] mysql:dbname=marchsoft;host=feiyueweb.cn;port=3306;charset=utf8
[ sql ] [ SQL ] SHOW COLUMNS FROM `march_news` [ RunTime:0.038789s ]
[ sql ] [ SQL ] SELECT COUNT(*) AS tp_count FROM `march_news` WHERE  `status` = 1 LIMIT 1 [ RunTime:0.037659s ]
[ sql ] [ SQL ] SELECT `march_news`.`id`,`title`,`writer`,`march_news`.`created_at`,`page_views`,`status` FROM `march_news` WHERE  `status` = 1 LIMIT 0,10 [ RunTime:0.038474s ]

---------------------------------------------------------------
[ 2017-04-28T20:56:31+08:00 ] ::1 ::1 GET /marchsoft/home/news/news
[ log ] localhost/marchsoft/home/news/news [运行时间：0.241351s][吞吐率：4.14req/s] [内存消耗：2,711.02kb] [文件加载：57]
[ info ] [ LANG ] D:\PHP\www\marchsoft\thinkphp\lang\zh-cn.php
[ info ] [ ROUTE ] array (
  'type' => 'module',
  'module' => 
  array (
    0 => 'home',
    1 => 'news',
    2 => 'news',
  ),
)
[ info ] [ HEADER ] array (
  'host' => 'localhost',
  'connection' => 'keep-alive',
  'accept' => 'application/json, text/plain, */*',
  'x-requested-with' => 'XMLHttpRequest',
  'user-agent' => 'Mozilla/5.0 (iPhone; CPU iPhone OS 9_1 like Mac OS X) AppleWebKit/601.1.46 (KHTML, like Gecko) Version/9.0 Mobile/13B143 Safari/601.1',
  'referer' => 'http://localhost/marchsoft/home/news/news',
  'accept-encoding' => 'gzip, deflate, sdch, br',
  'accept-language' => 'zh-CN,zh;q=0.8,en;q=0.6',
  'cookie' => 'thinkphp_show_page_trace=0|0; thinkphp_show_page_trace=0|0; pgv_pvi=1835683840; PHPSESSID=1370fns46u4a2uk7c9hfpu3uqu; pgv_si=s4256506880; BJYADMIN=laj2ql36hl6lslgnmtnsh4biln',
)
[ info ] [ PARAM ] array (
)
[ info ] [ RUN ] app\home\controller\News->news[ D:\PHP\www\marchsoft\application\home\controller\News.php ]
[ info ] [ DB ] INIT mysql
[ info ] [ VIEW ] D:\PHP\www\marchsoft/application/home\view\news\news.html [ array (
  0 => 'content',
  1 => 'page',
) ]
[ info ] [ LOG ] INIT File
[ sql ] [ DB ] CONNECT:[ UseTime:0.054069s ] mysql:dbname=marchsoft;host=feiyueweb.cn;port=3306;charset=utf8
[ sql ] [ SQL ] SHOW COLUMNS FROM `march_news` [ RunTime:0.046398s ]
[ sql ] [ SQL ] SELECT COUNT(*) AS tp_count FROM `march_news` WHERE  `status` = 1 LIMIT 1 [ RunTime:0.042178s ]
[ sql ] [ SQL ] SELECT `march_news`.`id`,`title`,`writer`,`march_news`.`created_at`,`page_views`,`status` FROM `march_news` WHERE  `status` = 1 LIMIT 0,10 [ RunTime:0.036702s ]

---------------------------------------------------------------
[ 2017-04-28T20:56:57+08:00 ] ::1 ::1 GET /marchsoft/home/news/news
[ log ] localhost/marchsoft/home/news/news [运行时间：0.233940s][吞吐率：4.27req/s] [内存消耗：2,913.28kb] [文件加载：61]
[ info ] [ LANG ] D:\PHP\www\marchsoft\thinkphp\lang\zh-cn.php
[ info ] [ ROUTE ] array (
  'type' => 'module',
  'module' => 
  array (
    0 => 'home',
    1 => 'news',
    2 => 'news',
  ),
)
[ info ] [ HEADER ] array (
  'host' => 'localhost',
  'connection' => 'keep-alive',
  'cache-control' => 'max-age=0',
  'upgrade-insecure-requests' => '1',
  'user-agent' => 'Mozilla/5.0 (iPhone; CPU iPhone OS 9_1 like Mac OS X) AppleWebKit/601.1.46 (KHTML, like Gecko) Version/9.0 Mobile/13B143 Safari/601.1',
  'accept' => 'text/html,application/xhtml+xml,application/xml;q=0.9,image/webp,*/*;q=0.8',
  'accept-encoding' => 'gzip, deflate, sdch, br',
  'accept-language' => 'zh-CN,zh;q=0.8,en;q=0.6',
  'cookie' => 'thinkphp_show_page_trace=0|0; thinkphp_show_page_trace=0|0; pgv_pvi=1835683840; PHPSESSID=1370fns46u4a2uk7c9hfpu3uqu; pgv_si=s4256506880; BJYADMIN=laj2ql36hl6lslgnmtnsh4biln',
)
[ info ] [ PARAM ] array (
)
[ info ] [ RUN ] app\home\controller\News->news[ D:\PHP\www\marchsoft\application\home\controller\News.php ]
[ info ] [ DB ] INIT mysql
[ info ] [ VIEW ] D:\PHP\www\marchsoft/application/home\view\news\news.html [ array (
  0 => 'content',
  1 => 'page',
) ]
[ info ] [ LOG ] INIT File
[ sql ] [ DB ] CONNECT:[ UseTime:0.056827s ] mysql:dbname=marchsoft;host=feiyueweb.cn;port=3306;charset=utf8
[ sql ] [ SQL ] SHOW COLUMNS FROM `march_news` [ RunTime:0.040619s ]
[ sql ] [ SQL ] SELECT COUNT(*) AS tp_count FROM `march_news` WHERE  `status` = 1 LIMIT 1 [ RunTime:0.038979s ]
[ sql ] [ SQL ] SELECT `march_news`.`id`,`title`,`writer`,`march_news`.`created_at`,`page_views`,`status` FROM `march_news` WHERE  `status` = 1 LIMIT 0,10 [ RunTime:0.038546s ]

---------------------------------------------------------------
[ 2017-04-28T20:56:57+08:00 ] ::1 ::1 GET /marchsoft/home/news/news
[ log ] localhost/marchsoft/home/news/news [运行时间：0.236465s][吞吐率：4.23req/s] [内存消耗：2,711.02kb] [文件加载：57]
[ info ] [ LANG ] D:\PHP\www\marchsoft\thinkphp\lang\zh-cn.php
[ info ] [ ROUTE ] array (
  'type' => 'module',
  'module' => 
  array (
    0 => 'home',
    1 => 'news',
    2 => 'news',
  ),
)
[ info ] [ HEADER ] array (
  'host' => 'localhost',
  'connection' => 'keep-alive',
  'accept' => 'application/json, text/plain, */*',
  'x-requested-with' => 'XMLHttpRequest',
  'user-agent' => 'Mozilla/5.0 (iPhone; CPU iPhone OS 9_1 like Mac OS X) AppleWebKit/601.1.46 (KHTML, like Gecko) Version/9.0 Mobile/13B143 Safari/601.1',
  'referer' => 'http://localhost/marchsoft/home/news/news',
  'accept-encoding' => 'gzip, deflate, sdch, br',
  'accept-language' => 'zh-CN,zh;q=0.8,en;q=0.6',
  'cookie' => 'thinkphp_show_page_trace=0|0; thinkphp_show_page_trace=0|0; pgv_pvi=1835683840; PHPSESSID=1370fns46u4a2uk7c9hfpu3uqu; pgv_si=s4256506880; BJYADMIN=laj2ql36hl6lslgnmtnsh4biln',
)
[ info ] [ PARAM ] array (
)
[ info ] [ RUN ] app\home\controller\News->news[ D:\PHP\www\marchsoft\application\home\controller\News.php ]
[ info ] [ DB ] INIT mysql
[ info ] [ VIEW ] D:\PHP\www\marchsoft/application/home\view\news\news.html [ array (
  0 => 'content',
  1 => 'page',
) ]
[ info ] [ LOG ] INIT File
[ sql ] [ DB ] CONNECT:[ UseTime:0.058101s ] mysql:dbname=marchsoft;host=feiyueweb.cn;port=3306;charset=utf8
[ sql ] [ SQL ] SHOW COLUMNS FROM `march_news` [ RunTime:0.039535s ]
[ sql ] [ SQL ] SELECT COUNT(*) AS tp_count FROM `march_news` WHERE  `status` = 1 LIMIT 1 [ RunTime:0.040190s ]
[ sql ] [ SQL ] SELECT `march_news`.`id`,`title`,`writer`,`march_news`.`created_at`,`page_views`,`status` FROM `march_news` WHERE  `status` = 1 LIMIT 0,10 [ RunTime:0.038812s ]

---------------------------------------------------------------
[ 2017-04-28T20:57:13+08:00 ] ::1 ::1 GET /marchsoft/home/news/news
[ log ] localhost/marchsoft/home/news/news [运行时间：0.235778s][吞吐率：4.24req/s] [内存消耗：2,913.28kb] [文件加载：61]
[ info ] [ LANG ] D:\PHP\www\marchsoft\thinkphp\lang\zh-cn.php
[ info ] [ ROUTE ] array (
  'type' => 'module',
  'module' => 
  array (
    0 => 'home',
    1 => 'news',
    2 => 'news',
  ),
)
[ info ] [ HEADER ] array (
  'host' => 'localhost',
  'connection' => 'keep-alive',
  'cache-control' => 'max-age=0',
  'upgrade-insecure-requests' => '1',
  'user-agent' => 'Mozilla/5.0 (iPhone; CPU iPhone OS 9_1 like Mac OS X) AppleWebKit/601.1.46 (KHTML, like Gecko) Version/9.0 Mobile/13B143 Safari/601.1',
  'accept' => 'text/html,application/xhtml+xml,application/xml;q=0.9,image/webp,*/*;q=0.8',
  'accept-encoding' => 'gzip, deflate, sdch, br',
  'accept-language' => 'zh-CN,zh;q=0.8,en;q=0.6',
  'cookie' => 'thinkphp_show_page_trace=0|0; thinkphp_show_page_trace=0|0; pgv_pvi=1835683840; PHPSESSID=1370fns46u4a2uk7c9hfpu3uqu; pgv_si=s4256506880; BJYADMIN=laj2ql36hl6lslgnmtnsh4biln',
)
[ info ] [ PARAM ] array (
)
[ info ] [ RUN ] app\home\controller\News->news[ D:\PHP\www\marchsoft\application\home\controller\News.php ]
[ info ] [ DB ] INIT mysql
[ info ] [ VIEW ] D:\PHP\www\marchsoft/application/home\view\news\news.html [ array (
  0 => 'content',
  1 => 'page',
) ]
[ info ] [ LOG ] INIT File
[ sql ] [ DB ] CONNECT:[ UseTime:0.053729s ] mysql:dbname=marchsoft;host=feiyueweb.cn;port=3306;charset=utf8
[ sql ] [ SQL ] SHOW COLUMNS FROM `march_news` [ RunTime:0.036379s ]
[ sql ] [ SQL ] SELECT COUNT(*) AS tp_count FROM `march_news` WHERE  `status` = 1 LIMIT 1 [ RunTime:0.035946s ]
[ sql ] [ SQL ] SELECT `march_news`.`id`,`title`,`writer`,`march_news`.`created_at`,`page_views`,`status` FROM `march_news` WHERE  `status` = 1 LIMIT 0,10 [ RunTime:0.035788s ]

---------------------------------------------------------------
[ 2017-04-28T20:57:13+08:00 ] ::1 ::1 GET /marchsoft/home/news/news
[ log ] localhost/marchsoft/home/news/news [运行时间：0.261674s][吞吐率：3.82req/s] [内存消耗：2,711.02kb] [文件加载：57]
[ info ] [ LANG ] D:\PHP\www\marchsoft\thinkphp\lang\zh-cn.php
[ info ] [ ROUTE ] array (
  'type' => 'module',
  'module' => 
  array (
    0 => 'home',
    1 => 'news',
    2 => 'news',
  ),
)
[ info ] [ HEADER ] array (
  'host' => 'localhost',
  'connection' => 'keep-alive',
  'accept' => 'application/json, text/plain, */*',
  'x-requested-with' => 'XMLHttpRequest',
  'user-agent' => 'Mozilla/5.0 (iPhone; CPU iPhone OS 9_1 like Mac OS X) AppleWebKit/601.1.46 (KHTML, like Gecko) Version/9.0 Mobile/13B143 Safari/601.1',
  'referer' => 'http://localhost/marchsoft/home/news/news',
  'accept-encoding' => 'gzip, deflate, sdch, br',
  'accept-language' => 'zh-CN,zh;q=0.8,en;q=0.6',
  'cookie' => 'thinkphp_show_page_trace=0|0; thinkphp_show_page_trace=0|0; pgv_pvi=1835683840; PHPSESSID=1370fns46u4a2uk7c9hfpu3uqu; pgv_si=s4256506880; BJYADMIN=laj2ql36hl6lslgnmtnsh4biln',
)
[ info ] [ PARAM ] array (
)
[ info ] [ RUN ] app\home\controller\News->news[ D:\PHP\www\marchsoft\application\home\controller\News.php ]
[ info ] [ DB ] INIT mysql
[ info ] [ VIEW ] D:\PHP\www\marchsoft/application/home\view\news\news.html [ array (
  0 => 'content',
  1 => 'page',
) ]
[ info ] [ LOG ] INIT File
[ sql ] [ DB ] CONNECT:[ UseTime:0.065948s ] mysql:dbname=marchsoft;host=feiyueweb.cn;port=3306;charset=utf8
[ sql ] [ SQL ] SHOW COLUMNS FROM `march_news` [ RunTime:0.043594s ]
[ sql ] [ SQL ] SELECT COUNT(*) AS tp_count FROM `march_news` WHERE  `status` = 1 LIMIT 1 [ RunTime:0.043264s ]
[ sql ] [ SQL ] SELECT `march_news`.`id`,`title`,`writer`,`march_news`.`created_at`,`page_views`,`status` FROM `march_news` WHERE  `status` = 1 LIMIT 0,10 [ RunTime:0.044222s ]

---------------------------------------------------------------
[ 2017-04-28T20:58:00+08:00 ] ::1 ::1 GET /marchsoft/home/news/news
[ log ] localhost/marchsoft/home/news/news [运行时间：0.249940s][吞吐率：4.00req/s] [内存消耗：2,913.28kb] [文件加载：61]
[ info ] [ LANG ] D:\PHP\www\marchsoft\thinkphp\lang\zh-cn.php
[ info ] [ ROUTE ] array (
  'type' => 'module',
  'module' => 
  array (
    0 => 'home',
    1 => 'news',
    2 => 'news',
  ),
)
[ info ] [ HEADER ] array (
  'host' => 'localhost',
  'connection' => 'keep-alive',
  'cache-control' => 'max-age=0',
  'upgrade-insecure-requests' => '1',
  'user-agent' => 'Mozilla/5.0 (iPhone; CPU iPhone OS 9_1 like Mac OS X) AppleWebKit/601.1.46 (KHTML, like Gecko) Version/9.0 Mobile/13B143 Safari/601.1',
  'accept' => 'text/html,application/xhtml+xml,application/xml;q=0.9,image/webp,*/*;q=0.8',
  'accept-encoding' => 'gzip, deflate, sdch, br',
  'accept-language' => 'zh-CN,zh;q=0.8,en;q=0.6',
  'cookie' => 'thinkphp_show_page_trace=0|0; thinkphp_show_page_trace=0|0; pgv_pvi=1835683840; PHPSESSID=1370fns46u4a2uk7c9hfpu3uqu; pgv_si=s4256506880; BJYADMIN=laj2ql36hl6lslgnmtnsh4biln',
)
[ info ] [ PARAM ] array (
)
[ info ] [ RUN ] app\home\controller\News->news[ D:\PHP\www\marchsoft\application\home\controller\News.php ]
[ info ] [ DB ] INIT mysql
[ info ] [ VIEW ] D:\PHP\www\marchsoft/application/home\view\news\news.html [ array (
  0 => 'content',
  1 => 'page',
) ]
[ info ] [ LOG ] INIT File
[ sql ] [ DB ] CONNECT:[ UseTime:0.063793s ] mysql:dbname=marchsoft;host=feiyueweb.cn;port=3306;charset=utf8
[ sql ] [ SQL ] SHOW COLUMNS FROM `march_news` [ RunTime:0.040810s ]
[ sql ] [ SQL ] SELECT COUNT(*) AS tp_count FROM `march_news` WHERE  `status` = 1 LIMIT 1 [ RunTime:0.040276s ]
[ sql ] [ SQL ] SELECT `march_news`.`id`,`title`,`writer`,`march_news`.`created_at`,`page_views`,`status` FROM `march_news` WHERE  `status` = 1 LIMIT 0,10 [ RunTime:0.040903s ]

---------------------------------------------------------------
[ 2017-04-28T20:58:01+08:00 ] ::1 ::1 GET /marchsoft/home/news/news
[ log ] localhost/marchsoft/home/news/news [运行时间：0.245495s][吞吐率：4.07req/s] [内存消耗：2,711.02kb] [文件加载：57]
[ info ] [ LANG ] D:\PHP\www\marchsoft\thinkphp\lang\zh-cn.php
[ info ] [ ROUTE ] array (
  'type' => 'module',
  'module' => 
  array (
    0 => 'home',
    1 => 'news',
    2 => 'news',
  ),
)
[ info ] [ HEADER ] array (
  'host' => 'localhost',
  'connection' => 'keep-alive',
  'accept' => 'application/json, text/plain, */*',
  'x-requested-with' => 'XMLHttpRequest',
  'user-agent' => 'Mozilla/5.0 (iPhone; CPU iPhone OS 9_1 like Mac OS X) AppleWebKit/601.1.46 (KHTML, like Gecko) Version/9.0 Mobile/13B143 Safari/601.1',
  'referer' => 'http://localhost/marchsoft/home/news/news',
  'accept-encoding' => 'gzip, deflate, sdch, br',
  'accept-language' => 'zh-CN,zh;q=0.8,en;q=0.6',
  'cookie' => 'thinkphp_show_page_trace=0|0; thinkphp_show_page_trace=0|0; pgv_pvi=1835683840; PHPSESSID=1370fns46u4a2uk7c9hfpu3uqu; pgv_si=s4256506880; BJYADMIN=laj2ql36hl6lslgnmtnsh4biln',
)
[ info ] [ PARAM ] array (
)
[ info ] [ RUN ] app\home\controller\News->news[ D:\PHP\www\marchsoft\application\home\controller\News.php ]
[ info ] [ DB ] INIT mysql
[ info ] [ VIEW ] D:\PHP\www\marchsoft/application/home\view\news\news.html [ array (
  0 => 'content',
  1 => 'page',
) ]
[ info ] [ LOG ] INIT File
[ sql ] [ DB ] CONNECT:[ UseTime:0.059482s ] mysql:dbname=marchsoft;host=feiyueweb.cn;port=3306;charset=utf8
[ sql ] [ SQL ] SHOW COLUMNS FROM `march_news` [ RunTime:0.046546s ]
[ sql ] [ SQL ] SELECT COUNT(*) AS tp_count FROM `march_news` WHERE  `status` = 1 LIMIT 1 [ RunTime:0.039661s ]
[ sql ] [ SQL ] SELECT `march_news`.`id`,`title`,`writer`,`march_news`.`created_at`,`page_views`,`status` FROM `march_news` WHERE  `status` = 1 LIMIT 0,10 [ RunTime:0.043331s ]

---------------------------------------------------------------
[ 2017-04-28T21:01:32+08:00 ] ::1 ::1 GET /marchsoft/home/news/news
[ log ] localhost/marchsoft/home/news/news [运行时间：0.253831s][吞吐率：3.94req/s] [内存消耗：2,913.78kb] [文件加载：61]
[ info ] [ LANG ] D:\PHP\www\marchsoft\thinkphp\lang\zh-cn.php
[ info ] [ ROUTE ] array (
  'type' => 'module',
  'module' => 
  array (
    0 => 'home',
    1 => 'news',
    2 => 'news',
  ),
)
[ info ] [ HEADER ] array (
  'host' => 'localhost',
  'connection' => 'keep-alive',
  'cache-control' => 'max-age=0',
  'upgrade-insecure-requests' => '1',
  'user-agent' => 'Mozilla/5.0 (iPhone; CPU iPhone OS 9_1 like Mac OS X) AppleWebKit/601.1.46 (KHTML, like Gecko) Version/9.0 Mobile/13B143 Safari/601.1',
  'accept' => 'text/html,application/xhtml+xml,application/xml;q=0.9,image/webp,*/*;q=0.8',
  'accept-encoding' => 'gzip, deflate, sdch, br',
  'accept-language' => 'zh-CN,zh;q=0.8,en;q=0.6',
  'cookie' => 'thinkphp_show_page_trace=0|0; thinkphp_show_page_trace=0|0; pgv_pvi=1835683840; PHPSESSID=1370fns46u4a2uk7c9hfpu3uqu; pgv_si=s4256506880; BJYADMIN=laj2ql36hl6lslgnmtnsh4biln',
)
[ info ] [ PARAM ] array (
)
[ info ] [ RUN ] app\home\controller\News->news[ D:\PHP\www\marchsoft\application\home\controller\News.php ]
[ info ] [ DB ] INIT mysql
[ info ] [ VIEW ] D:\PHP\www\marchsoft/application/home\view\news\news.html [ array (
  0 => 'content',
  1 => 'page',
) ]
[ info ] [ LOG ] INIT File
[ sql ] [ DB ] CONNECT:[ UseTime:0.053215s ] mysql:dbname=marchsoft;host=feiyueweb.cn;port=3306;charset=utf8
[ sql ] [ SQL ] SHOW COLUMNS FROM `march_news` [ RunTime:0.036290s ]
[ sql ] [ SQL ] SELECT COUNT(*) AS tp_count FROM `march_news` WHERE  `status` = 1 LIMIT 1 [ RunTime:0.035779s ]
[ sql ] [ SQL ] SELECT `march_news`.`id`,`title`,`writer`,`march_news`.`created_at`,`page_views`,`status` FROM `march_news` WHERE  `status` = 1 LIMIT 0,10 [ RunTime:0.036260s ]

---------------------------------------------------------------
[ 2017-04-28T21:01:32+08:00 ] ::1 ::1 GET /marchsoft/home/news/%7B:url('admin/news/getNewsList')%7D
[ log ] localhost/marchsoft/home/news/%7B:url('admin/news/getNewsList')%7D [运行时间：0.041558s][吞吐率：24.06req/s] [内存消耗：1,568.16kb] [文件加载：45]
[ info ] [ LANG ] D:\PHP\www\marchsoft\thinkphp\lang\zh-cn.php
[ info ] [ ROUTE ] array (
  'type' => 'module',
  'module' => 
  array (
    0 => 'home',
    1 => 'news',
    2 => '{:url(\'admin',
  ),
)
[ info ] [ HEADER ] array (
  'host' => 'localhost',
  'connection' => 'keep-alive',
  'accept' => '*/*',
  'x-requested-with' => 'XMLHttpRequest',
  'user-agent' => 'Mozilla/5.0 (iPhone; CPU iPhone OS 9_1 like Mac OS X) AppleWebKit/601.1.46 (KHTML, like Gecko) Version/9.0 Mobile/13B143 Safari/601.1',
  'referer' => 'http://localhost/marchsoft/home/news/news',
  'accept-encoding' => 'gzip, deflate, sdch, br',
  'accept-language' => 'zh-CN,zh;q=0.8,en;q=0.6',
  'cookie' => 'thinkphp_show_page_trace=0|0; thinkphp_show_page_trace=0|0; pgv_pvi=1835683840; PHPSESSID=1370fns46u4a2uk7c9hfpu3uqu; pgv_si=s4256506880; BJYADMIN=laj2ql36hl6lslgnmtnsh4biln',
)
[ info ] [ PARAM ] array (
  'news' => 'getNewsList\')}',
)
[ info ] [ LOG ] INIT File

---------------------------------------------------------------
[ 2017-04-28T21:02:39+08:00 ] ::1 ::1 GET /marchsoft/home/news/news
[ log ] localhost/marchsoft/home/news/news [运行时间：0.240156s][吞吐率：4.16req/s] [内存消耗：2,913.28kb] [文件加载：61]
[ info ] [ LANG ] D:\PHP\www\marchsoft\thinkphp\lang\zh-cn.php
[ info ] [ ROUTE ] array (
  'type' => 'module',
  'module' => 
  array (
    0 => 'home',
    1 => 'news',
    2 => 'news',
  ),
)
[ info ] [ HEADER ] array (
  'host' => 'localhost',
  'connection' => 'keep-alive',
  'cache-control' => 'max-age=0',
  'upgrade-insecure-requests' => '1',
  'user-agent' => 'Mozilla/5.0 (iPhone; CPU iPhone OS 9_1 like Mac OS X) AppleWebKit/601.1.46 (KHTML, like Gecko) Version/9.0 Mobile/13B143 Safari/601.1',
  'accept' => 'text/html,application/xhtml+xml,application/xml;q=0.9,image/webp,*/*;q=0.8',
  'accept-encoding' => 'gzip, deflate, sdch, br',
  'accept-language' => 'zh-CN,zh;q=0.8,en;q=0.6',
  'cookie' => 'thinkphp_show_page_trace=0|0; thinkphp_show_page_trace=0|0; pgv_pvi=1835683840; PHPSESSID=1370fns46u4a2uk7c9hfpu3uqu; pgv_si=s4256506880; BJYADMIN=laj2ql36hl6lslgnmtnsh4biln',
)
[ info ] [ PARAM ] array (
)
[ info ] [ RUN ] app\home\controller\News->news[ D:\PHP\www\marchsoft\application\home\controller\News.php ]
[ info ] [ DB ] INIT mysql
[ info ] [ VIEW ] D:\PHP\www\marchsoft/application/home\view\news\news.html [ array (
  0 => 'content',
  1 => 'page',
) ]
[ info ] [ LOG ] INIT File
[ sql ] [ DB ] CONNECT:[ UseTime:0.060642s ] mysql:dbname=marchsoft;host=feiyueweb.cn;port=3306;charset=utf8
[ sql ] [ SQL ] SHOW COLUMNS FROM `march_news` [ RunTime:0.038830s ]
[ sql ] [ SQL ] SELECT COUNT(*) AS tp_count FROM `march_news` WHERE  `status` = 1 LIMIT 1 [ RunTime:0.039311s ]
[ sql ] [ SQL ] SELECT `march_news`.`id`,`title`,`writer`,`march_news`.`created_at`,`page_views`,`status` FROM `march_news` WHERE  `status` = 1 LIMIT 0,10 [ RunTime:0.039036s ]

---------------------------------------------------------------
[ 2017-04-28T21:02:40+08:00 ] ::1 ::1 GET /marchsoft/home/news/news
[ log ] localhost/marchsoft/home/news/news [运行时间：0.262262s][吞吐率：3.81req/s] [内存消耗：2,711.02kb] [文件加载：57]
[ info ] [ LANG ] D:\PHP\www\marchsoft\thinkphp\lang\zh-cn.php
[ info ] [ ROUTE ] array (
  'type' => 'module',
  'module' => 
  array (
    0 => 'home',
    1 => 'news',
    2 => 'news',
  ),
)
[ info ] [ HEADER ] array (
  'host' => 'localhost',
  'connection' => 'keep-alive',
  'accept' => 'application/json, text/plain, */*',
  'x-requested-with' => 'XMLHttpRequest',
  'user-agent' => 'Mozilla/5.0 (iPhone; CPU iPhone OS 9_1 like Mac OS X) AppleWebKit/601.1.46 (KHTML, like Gecko) Version/9.0 Mobile/13B143 Safari/601.1',
  'referer' => 'http://localhost/marchsoft/home/news/news',
  'accept-encoding' => 'gzip, deflate, sdch, br',
  'accept-language' => 'zh-CN,zh;q=0.8,en;q=0.6',
  'cookie' => 'thinkphp_show_page_trace=0|0; thinkphp_show_page_trace=0|0; pgv_pvi=1835683840; PHPSESSID=1370fns46u4a2uk7c9hfpu3uqu; pgv_si=s4256506880; BJYADMIN=laj2ql36hl6lslgnmtnsh4biln',
)
[ info ] [ PARAM ] array (
)
[ info ] [ RUN ] app\home\controller\News->news[ D:\PHP\www\marchsoft\application\home\controller\News.php ]
[ info ] [ DB ] INIT mysql
[ info ] [ VIEW ] D:\PHP\www\marchsoft/application/home\view\news\news.html [ array (
  0 => 'content',
  1 => 'page',
) ]
[ info ] [ LOG ] INIT File
[ sql ] [ DB ] CONNECT:[ UseTime:0.066094s ] mysql:dbname=marchsoft;host=feiyueweb.cn;port=3306;charset=utf8
[ sql ] [ SQL ] SHOW COLUMNS FROM `march_news` [ RunTime:0.043707s ]
[ sql ] [ SQL ] SELECT COUNT(*) AS tp_count FROM `march_news` WHERE  `status` = 1 LIMIT 1 [ RunTime:0.045103s ]
[ sql ] [ SQL ] SELECT `march_news`.`id`,`title`,`writer`,`march_news`.`created_at`,`page_views`,`status` FROM `march_news` WHERE  `status` = 1 LIMIT 0,10 [ RunTime:0.045745s ]

---------------------------------------------------------------
[ 2017-04-28T21:04:44+08:00 ] ::1 ::1 GET /marchsoft/home/news/news
[ log ] localhost/marchsoft/home/news/news [运行时间：0.270186s][吞吐率：3.70req/s] [内存消耗：2,907.78kb] [文件加载：61]
[ info ] [ LANG ] D:\PHP\www\marchsoft\thinkphp\lang\zh-cn.php
[ info ] [ ROUTE ] array (
  'type' => 'module',
  'module' => 
  array (
    0 => 'home',
    1 => 'news',
    2 => 'news',
  ),
)
[ info ] [ HEADER ] array (
  'host' => 'localhost',
  'connection' => 'keep-alive',
  'cache-control' => 'max-age=0',
  'upgrade-insecure-requests' => '1',
  'user-agent' => 'Mozilla/5.0 (iPhone; CPU iPhone OS 9_1 like Mac OS X) AppleWebKit/601.1.46 (KHTML, like Gecko) Version/9.0 Mobile/13B143 Safari/601.1',
  'accept' => 'text/html,application/xhtml+xml,application/xml;q=0.9,image/webp,*/*;q=0.8',
  'accept-encoding' => 'gzip, deflate, sdch, br',
  'accept-language' => 'zh-CN,zh;q=0.8,en;q=0.6',
  'cookie' => 'thinkphp_show_page_trace=0|0; thinkphp_show_page_trace=0|0; pgv_pvi=1835683840; PHPSESSID=1370fns46u4a2uk7c9hfpu3uqu; pgv_si=s4256506880; BJYADMIN=laj2ql36hl6lslgnmtnsh4biln',
)
[ info ] [ PARAM ] array (
)
[ info ] [ RUN ] app\home\controller\News->news[ D:\PHP\www\marchsoft\application\home\controller\News.php ]
[ info ] [ DB ] INIT mysql
[ info ] [ VIEW ] D:\PHP\www\marchsoft/application/home\view\news\news.html [ array (
  0 => 'content',
  1 => 'page',
) ]
[ info ] [ LOG ] INIT File
[ sql ] [ DB ] CONNECT:[ UseTime:0.065311s ] mysql:dbname=marchsoft;host=feiyueweb.cn;port=3306;charset=utf8
[ sql ] [ SQL ] SHOW COLUMNS FROM `march_news` [ RunTime:0.041188s ]
[ sql ] [ SQL ] SELECT COUNT(*) AS tp_count FROM `march_news` WHERE  `status` = 1 LIMIT 1 [ RunTime:0.041172s ]
[ sql ] [ SQL ] SELECT `march_news`.`id`,`title`,`writer`,`march_news`.`created_at`,`page_views`,`status` FROM `march_news` WHERE  `status` = 1 LIMIT 0,10 [ RunTime:0.041147s ]

---------------------------------------------------------------
[ 2017-04-28T21:04:44+08:00 ] ::1 ::1 GET /marchsoft/home/news/news
[ log ] localhost/marchsoft/home/news/news [运行时间：0.240404s][吞吐率：4.16req/s] [内存消耗：2,711.02kb] [文件加载：57]
[ info ] [ LANG ] D:\PHP\www\marchsoft\thinkphp\lang\zh-cn.php
[ info ] [ ROUTE ] array (
  'type' => 'module',
  'module' => 
  array (
    0 => 'home',
    1 => 'news',
    2 => 'news',
  ),
)
[ info ] [ HEADER ] array (
  'host' => 'localhost',
  'connection' => 'keep-alive',
  'accept' => 'application/json, text/plain, */*',
  'x-requested-with' => 'XMLHttpRequest',
  'user-agent' => 'Mozilla/5.0 (iPhone; CPU iPhone OS 9_1 like Mac OS X) AppleWebKit/601.1.46 (KHTML, like Gecko) Version/9.0 Mobile/13B143 Safari/601.1',
  'referer' => 'http://localhost/marchsoft/home/news/news',
  'accept-encoding' => 'gzip, deflate, sdch, br',
  'accept-language' => 'zh-CN,zh;q=0.8,en;q=0.6',
  'cookie' => 'thinkphp_show_page_trace=0|0; thinkphp_show_page_trace=0|0; pgv_pvi=1835683840; PHPSESSID=1370fns46u4a2uk7c9hfpu3uqu; pgv_si=s4256506880; BJYADMIN=laj2ql36hl6lslgnmtnsh4biln',
)
[ info ] [ PARAM ] array (
)
[ info ] [ RUN ] app\home\controller\News->news[ D:\PHP\www\marchsoft\application\home\controller\News.php ]
[ info ] [ DB ] INIT mysql
[ info ] [ VIEW ] D:\PHP\www\marchsoft/application/home\view\news\news.html [ array (
  0 => 'content',
  1 => 'page',
) ]
[ info ] [ LOG ] INIT File
[ sql ] [ DB ] CONNECT:[ UseTime:0.060076s ] mysql:dbname=marchsoft;host=feiyueweb.cn;port=3306;charset=utf8
[ sql ] [ SQL ] SHOW COLUMNS FROM `march_news` [ RunTime:0.040105s ]
[ sql ] [ SQL ] SELECT COUNT(*) AS tp_count FROM `march_news` WHERE  `status` = 1 LIMIT 1 [ RunTime:0.038858s ]
[ sql ] [ SQL ] SELECT `march_news`.`id`,`title`,`writer`,`march_news`.`created_at`,`page_views`,`status` FROM `march_news` WHERE  `status` = 1 LIMIT 0,10 [ RunTime:0.038462s ]

---------------------------------------------------------------
[ 2017-04-28T21:05:10+08:00 ] ::1 ::1 GET /marchsoft/home/news/news
[ log ] localhost/marchsoft/home/news/news [运行时间：0.234517s][吞吐率：4.26req/s] [内存消耗：2,907.78kb] [文件加载：61]
[ info ] [ LANG ] D:\PHP\www\marchsoft\thinkphp\lang\zh-cn.php
[ info ] [ ROUTE ] array (
  'type' => 'module',
  'module' => 
  array (
    0 => 'home',
    1 => 'news',
    2 => 'news',
  ),
)
[ info ] [ HEADER ] array (
  'host' => 'localhost',
  'connection' => 'keep-alive',
  'cache-control' => 'max-age=0',
  'upgrade-insecure-requests' => '1',
  'user-agent' => 'Mozilla/5.0 (iPhone; CPU iPhone OS 9_1 like Mac OS X) AppleWebKit/601.1.46 (KHTML, like Gecko) Version/9.0 Mobile/13B143 Safari/601.1',
  'accept' => 'text/html,application/xhtml+xml,application/xml;q=0.9,image/webp,*/*;q=0.8',
  'accept-encoding' => 'gzip, deflate, sdch, br',
  'accept-language' => 'zh-CN,zh;q=0.8,en;q=0.6',
  'cookie' => 'thinkphp_show_page_trace=0|0; thinkphp_show_page_trace=0|0; pgv_pvi=1835683840; PHPSESSID=1370fns46u4a2uk7c9hfpu3uqu; pgv_si=s4256506880; BJYADMIN=laj2ql36hl6lslgnmtnsh4biln',
)
[ info ] [ PARAM ] array (
)
[ info ] [ RUN ] app\home\controller\News->news[ D:\PHP\www\marchsoft\application\home\controller\News.php ]
[ info ] [ DB ] INIT mysql
[ info ] [ VIEW ] D:\PHP\www\marchsoft/application/home\view\news\news.html [ array (
  0 => 'content',
  1 => 'page',
) ]
[ info ] [ LOG ] INIT File
[ sql ] [ DB ] CONNECT:[ UseTime:0.057873s ] mysql:dbname=marchsoft;host=feiyueweb.cn;port=3306;charset=utf8
[ sql ] [ SQL ] SHOW COLUMNS FROM `march_news` [ RunTime:0.038445s ]
[ sql ] [ SQL ] SELECT COUNT(*) AS tp_count FROM `march_news` WHERE  `status` = 1 LIMIT 1 [ RunTime:0.038806s ]
[ sql ] [ SQL ] SELECT `march_news`.`id`,`title`,`writer`,`march_news`.`created_at`,`page_views`,`status` FROM `march_news` WHERE  `status` = 1 LIMIT 0,10 [ RunTime:0.039511s ]

---------------------------------------------------------------
[ 2017-04-28T21:05:11+08:00 ] ::1 ::1 GET /marchsoft/home/news/news
[ log ] localhost/marchsoft/home/news/news [运行时间：0.240046s][吞吐率：4.17req/s] [内存消耗：2,711.02kb] [文件加载：57]
[ info ] [ LANG ] D:\PHP\www\marchsoft\thinkphp\lang\zh-cn.php
[ info ] [ ROUTE ] array (
  'type' => 'module',
  'module' => 
  array (
    0 => 'home',
    1 => 'news',
    2 => 'news',
  ),
)
[ info ] [ HEADER ] array (
  'host' => 'localhost',
  'connection' => 'keep-alive',
  'accept' => 'application/json, text/plain, */*',
  'x-requested-with' => 'XMLHttpRequest',
  'user-agent' => 'Mozilla/5.0 (iPhone; CPU iPhone OS 9_1 like Mac OS X) AppleWebKit/601.1.46 (KHTML, like Gecko) Version/9.0 Mobile/13B143 Safari/601.1',
  'referer' => 'http://localhost/marchsoft/home/news/news',
  'accept-encoding' => 'gzip, deflate, sdch, br',
  'accept-language' => 'zh-CN,zh;q=0.8,en;q=0.6',
  'cookie' => 'thinkphp_show_page_trace=0|0; thinkphp_show_page_trace=0|0; pgv_pvi=1835683840; PHPSESSID=1370fns46u4a2uk7c9hfpu3uqu; pgv_si=s4256506880; BJYADMIN=laj2ql36hl6lslgnmtnsh4biln',
)
[ info ] [ PARAM ] array (
)
[ info ] [ RUN ] app\home\controller\News->news[ D:\PHP\www\marchsoft\application\home\controller\News.php ]
[ info ] [ DB ] INIT mysql
[ info ] [ VIEW ] D:\PHP\www\marchsoft/application/home\view\news\news.html [ array (
  0 => 'content',
  1 => 'page',
) ]
[ info ] [ LOG ] INIT File
[ sql ] [ DB ] CONNECT:[ UseTime:0.054646s ] mysql:dbname=marchsoft;host=feiyueweb.cn;port=3306;charset=utf8
[ sql ] [ SQL ] SHOW COLUMNS FROM `march_news` [ RunTime:0.038158s ]
[ sql ] [ SQL ] SELECT COUNT(*) AS tp_count FROM `march_news` WHERE  `status` = 1 LIMIT 1 [ RunTime:0.039383s ]
[ sql ] [ SQL ] SELECT `march_news`.`id`,`title`,`writer`,`march_news`.`created_at`,`page_views`,`status` FROM `march_news` WHERE  `status` = 1 LIMIT 0,10 [ RunTime:0.036172s ]

---------------------------------------------------------------
[ 2017-04-28T21:05:47+08:00 ] ::1 ::1 GET /marchsoft/home/news/news
[ log ] localhost/marchsoft/home/news/news [运行时间：0.272675s][吞吐率：3.67req/s] [内存消耗：2,907.78kb] [文件加载：61]
[ info ] [ LANG ] D:\PHP\www\marchsoft\thinkphp\lang\zh-cn.php
[ info ] [ ROUTE ] array (
  'type' => 'module',
  'module' => 
  array (
    0 => 'home',
    1 => 'news',
    2 => 'news',
  ),
)
[ info ] [ HEADER ] array (
  'host' => 'localhost',
  'connection' => 'keep-alive',
  'cache-control' => 'max-age=0',
  'upgrade-insecure-requests' => '1',
  'user-agent' => 'Mozilla/5.0 (iPhone; CPU iPhone OS 9_1 like Mac OS X) AppleWebKit/601.1.46 (KHTML, like Gecko) Version/9.0 Mobile/13B143 Safari/601.1',
  'accept' => 'text/html,application/xhtml+xml,application/xml;q=0.9,image/webp,*/*;q=0.8',
  'accept-encoding' => 'gzip, deflate, sdch, br',
  'accept-language' => 'zh-CN,zh;q=0.8,en;q=0.6',
  'cookie' => 'thinkphp_show_page_trace=0|0; thinkphp_show_page_trace=0|0; pgv_pvi=1835683840; PHPSESSID=1370fns46u4a2uk7c9hfpu3uqu; pgv_si=s4256506880; BJYADMIN=laj2ql36hl6lslgnmtnsh4biln',
)
[ info ] [ PARAM ] array (
)
[ info ] [ RUN ] app\home\controller\News->news[ D:\PHP\www\marchsoft\application\home\controller\News.php ]
[ info ] [ DB ] INIT mysql
[ info ] [ VIEW ] D:\PHP\www\marchsoft/application/home\view\news\news.html [ array (
  0 => 'content',
  1 => 'page',
) ]
[ info ] [ LOG ] INIT File
[ sql ] [ DB ] CONNECT:[ UseTime:0.094860s ] mysql:dbname=marchsoft;host=feiyueweb.cn;port=3306;charset=utf8
[ sql ] [ SQL ] SHOW COLUMNS FROM `march_news` [ RunTime:0.041455s ]
[ sql ] [ SQL ] SELECT COUNT(*) AS tp_count FROM `march_news` WHERE  `status` = 1 LIMIT 1 [ RunTime:0.040203s ]
[ sql ] [ SQL ] SELECT `march_news`.`id`,`title`,`writer`,`march_news`.`created_at`,`page_views`,`status` FROM `march_news` WHERE  `status` = 1 LIMIT 0,10 [ RunTime:0.041178s ]

---------------------------------------------------------------
[ 2017-04-28T21:05:48+08:00 ] ::1 ::1 GET /marchsoft/home/news/news
[ log ] localhost/marchsoft/home/news/news [运行时间：0.243278s][吞吐率：4.11req/s] [内存消耗：2,711.02kb] [文件加载：57]
[ info ] [ LANG ] D:\PHP\www\marchsoft\thinkphp\lang\zh-cn.php
[ info ] [ ROUTE ] array (
  'type' => 'module',
  'module' => 
  array (
    0 => 'home',
    1 => 'news',
    2 => 'news',
  ),
)
[ info ] [ HEADER ] array (
  'host' => 'localhost',
  'connection' => 'keep-alive',
  'accept' => 'application/json, text/plain, */*',
  'x-requested-with' => 'XMLHttpRequest',
  'user-agent' => 'Mozilla/5.0 (iPhone; CPU iPhone OS 9_1 like Mac OS X) AppleWebKit/601.1.46 (KHTML, like Gecko) Version/9.0 Mobile/13B143 Safari/601.1',
  'referer' => 'http://localhost/marchsoft/home/news/news',
  'accept-encoding' => 'gzip, deflate, sdch, br',
  'accept-language' => 'zh-CN,zh;q=0.8,en;q=0.6',
  'cookie' => 'thinkphp_show_page_trace=0|0; thinkphp_show_page_trace=0|0; pgv_pvi=1835683840; PHPSESSID=1370fns46u4a2uk7c9hfpu3uqu; pgv_si=s4256506880; BJYADMIN=laj2ql36hl6lslgnmtnsh4biln',
)
[ info ] [ PARAM ] array (
)
[ info ] [ RUN ] app\home\controller\News->news[ D:\PHP\www\marchsoft\application\home\controller\News.php ]
[ info ] [ DB ] INIT mysql
[ info ] [ VIEW ] D:\PHP\www\marchsoft/application/home\view\news\news.html [ array (
  0 => 'content',
  1 => 'page',
) ]
[ info ] [ LOG ] INIT File
[ sql ] [ DB ] CONNECT:[ UseTime:0.059959s ] mysql:dbname=marchsoft;host=feiyueweb.cn;port=3306;charset=utf8
[ sql ] [ SQL ] SHOW COLUMNS FROM `march_news` [ RunTime:0.038918s ]
[ sql ] [ SQL ] SELECT COUNT(*) AS tp_count FROM `march_news` WHERE  `status` = 1 LIMIT 1 [ RunTime:0.038028s ]
[ sql ] [ SQL ] SELECT `march_news`.`id`,`title`,`writer`,`march_news`.`created_at`,`page_views`,`status` FROM `march_news` WHERE  `status` = 1 LIMIT 0,10 [ RunTime:0.039423s ]

---------------------------------------------------------------
[ 2017-04-28T21:08:52+08:00 ] ::1 ::1 GET /marchsoft/home/news/news
[ log ] localhost/marchsoft/home/news/news [运行时间：0.254411s][吞吐率：3.93req/s] [内存消耗：2,748.70kb] [文件加载：59]
[ info ] [ LANG ] D:\PHP\www\marchsoft\thinkphp\lang\zh-cn.php
[ info ] [ ROUTE ] array (
  'type' => 'module',
  'module' => 
  array (
    0 => 'home',
    1 => 'news',
    2 => 'news',
  ),
)
[ info ] [ HEADER ] array (
  'host' => 'localhost',
  'connection' => 'keep-alive',
  'cache-control' => 'max-age=0',
  'upgrade-insecure-requests' => '1',
  'user-agent' => 'Mozilla/5.0 (iPhone; CPU iPhone OS 9_1 like Mac OS X) AppleWebKit/601.1.46 (KHTML, like Gecko) Version/9.0 Mobile/13B143 Safari/601.1',
  'accept' => 'text/html,application/xhtml+xml,application/xml;q=0.9,image/webp,*/*;q=0.8',
  'accept-encoding' => 'gzip, deflate, sdch, br',
  'accept-language' => 'zh-CN,zh;q=0.8,en;q=0.6',
  'cookie' => 'thinkphp_show_page_trace=0|0; thinkphp_show_page_trace=0|0; pgv_pvi=1835683840; PHPSESSID=1370fns46u4a2uk7c9hfpu3uqu; pgv_si=s4256506880; BJYADMIN=laj2ql36hl6lslgnmtnsh4biln',
)
[ info ] [ PARAM ] array (
)
[ info ] [ RUN ] app\home\controller\News->news[ D:\PHP\www\marchsoft\application\home\controller\News.php ]
[ info ] [ DB ] INIT mysql
[ info ] [ VIEW ] D:\PHP\www\marchsoft/application/home\view\news\news.html [ array (
  0 => 'content',
  1 => 'page',
) ]
[ info ] [ LOG ] INIT File
[ sql ] [ DB ] CONNECT:[ UseTime:0.064610s ] mysql:dbname=marchsoft;host=feiyueweb.cn;port=3306;charset=utf8
[ sql ] [ SQL ] SHOW COLUMNS FROM `march_news` [ RunTime:0.043317s ]
[ sql ] [ SQL ] SELECT COUNT(*) AS tp_count FROM `march_news` WHERE  `status` = 1 LIMIT 1 [ RunTime:0.042986s ]
[ sql ] [ SQL ] SELECT `march_news`.`id`,`title`,`writer`,`march_news`.`created_at`,`page_views`,`status` FROM `march_news` WHERE  `status` = 1 LIMIT 0,10 [ RunTime:0.043537s ]

---------------------------------------------------------------
[ 2017-04-28T21:08:52+08:00 ] ::1 ::1 GET /marchsoft/home/news/news
[ log ] localhost/marchsoft/home/news/news [运行时间：0.228365s][吞吐率：4.38req/s] [内存消耗：2,711.02kb] [文件加载：57]
[ info ] [ LANG ] D:\PHP\www\marchsoft\thinkphp\lang\zh-cn.php
[ info ] [ ROUTE ] array (
  'type' => 'module',
  'module' => 
  array (
    0 => 'home',
    1 => 'news',
    2 => 'news',
  ),
)
[ info ] [ HEADER ] array (
  'host' => 'localhost',
  'connection' => 'keep-alive',
  'accept' => 'application/json, text/plain, */*',
  'x-requested-with' => 'XMLHttpRequest',
  'user-agent' => 'Mozilla/5.0 (iPhone; CPU iPhone OS 9_1 like Mac OS X) AppleWebKit/601.1.46 (KHTML, like Gecko) Version/9.0 Mobile/13B143 Safari/601.1',
  'referer' => 'http://localhost/marchsoft/home/news/news',
  'accept-encoding' => 'gzip, deflate, sdch, br',
  'accept-language' => 'zh-CN,zh;q=0.8,en;q=0.6',
  'cookie' => 'thinkphp_show_page_trace=0|0; thinkphp_show_page_trace=0|0; pgv_pvi=1835683840; PHPSESSID=1370fns46u4a2uk7c9hfpu3uqu; pgv_si=s4256506880; BJYADMIN=laj2ql36hl6lslgnmtnsh4biln',
)
[ info ] [ PARAM ] array (
)
[ info ] [ RUN ] app\home\controller\News->news[ D:\PHP\www\marchsoft\application\home\controller\News.php ]
[ info ] [ DB ] INIT mysql
[ info ] [ VIEW ] D:\PHP\www\marchsoft/application/home\view\news\news.html [ array (
  0 => 'content',
  1 => 'page',
) ]
[ info ] [ LOG ] INIT File
[ sql ] [ DB ] CONNECT:[ UseTime:0.054269s ] mysql:dbname=marchsoft;host=feiyueweb.cn;port=3306;charset=utf8
[ sql ] [ SQL ] SHOW COLUMNS FROM `march_news` [ RunTime:0.036933s ]
[ sql ] [ SQL ] SELECT COUNT(*) AS tp_count FROM `march_news` WHERE  `status` = 1 LIMIT 1 [ RunTime:0.035719s ]
[ sql ] [ SQL ] SELECT `march_news`.`id`,`title`,`writer`,`march_news`.`created_at`,`page_views`,`status` FROM `march_news` WHERE  `status` = 1 LIMIT 0,10 [ RunTime:0.035999s ]

---------------------------------------------------------------
